Using pre-set license
Built from '2021.3/staging' branch; Version is '2021.3.2f1 (d6360bedb9a0) revision 14038539'; Using compiler version '192829333'; Build Type 'Release'
OS: 'Windows 10  (10.0.19044) 64bit Professional' Language: 'en' Physical Memory: 16221 MB
BatchMode: 1, IsHumanControllingUs: 0, StartBugReporterOnCrash: 0, Is64bit: 1, IsPro: 1

COMMAND LINE ARGUMENTS:
C:\Program Files\Programs\Unity\2021.3.2f1\Editor\Unity.exe
-adb2
-batchMode
-noUpm
-name
AssetImportWorker4
-projectPath
C:/Projects/ShapeMatcher/ShapeMatcherPrototype/ShapeMatch
-logFile
Logs/AssetImportWorker4.log
-srvPort
54736
Successfully changed project path to: C:/Projects/ShapeMatcher/ShapeMatcherPrototype/ShapeMatch
C:/Projects/ShapeMatcher/ShapeMatcherPrototype/ShapeMatch
[UnityMemory] Configuration Parameters - Can be set up in boot.config
    "memorysetup-bucket-allocator-granularity=16"
    "memorysetup-bucket-allocator-bucket-count=8"
    "memorysetup-bucket-allocator-block-size=33554432"
    "memorysetup-bucket-allocator-block-count=8"
    "memorysetup-main-allocator-block-size=16777216"
    "memorysetup-thread-allocator-block-size=16777216"
    "memorysetup-gfx-main-allocator-block-size=16777216"
    "memorysetup-gfx-thread-allocator-block-size=16777216"
    "memorysetup-cache-allocator-block-size=4194304"
    "memorysetup-typetree-allocator-block-size=2097152"
    "memorysetup-profiler-bucket-allocator-granularity=16"
    "memorysetup-profiler-bucket-allocator-bucket-count=8"
    "memorysetup-profiler-bucket-allocator-block-size=33554432"
    "memorysetup-profiler-bucket-allocator-block-count=8"
    "memorysetup-profiler-allocator-block-size=16777216"
    "memorysetup-profiler-editor-allocator-block-size=1048576"
    "memorysetup-temp-allocator-size-main=16777216"
    "memorysetup-job-temp-allocator-block-size=2097152"
    "memorysetup-job-temp-allocator-block-size-background=1048576"
    "memorysetup-job-temp-allocator-reduction-small-platforms=262144"
    "memorysetup-temp-allocator-size-background-worker=32768"
    "memorysetup-temp-allocator-size-job-worker=262144"
    "memorysetup-temp-allocator-size-preload-manager=33554432"
    "memorysetup-temp-allocator-size-nav-mesh-worker=65536"
    "memorysetup-temp-allocator-size-audio-worker=65536"
    "memorysetup-temp-allocator-size-cloud-worker=32768"
    "memorysetup-temp-allocator-size-gi-baking-worker=262144"
    "memorysetup-temp-allocator-size-gfx=262144"
Refreshing native plugins compatible for Editor in 55.74 ms, found 3 plugins.
Preloading 0 native plugins for Editor in 0.00 ms.
Initialize engine version: 2021.3.2f1 (d6360bedb9a0)
[Subsystems] Discovering subsystems at path C:/Program Files/Programs/Unity/2021.3.2f1/Editor/Data/Resources/UnitySubsystems
[Subsystems] Discovering subsystems at path C:/Projects/ShapeMatcher/ShapeMatcherPrototype/ShapeMatch/Assets
GfxDevice: creating device client; threaded=0; jobified=0
Direct3D:
    Version:  Direct3D 11.0 [level 11.1]
    Renderer: NVIDIA GeForce RTX 3060 (ID=0x2504)
    Vendor:   NVIDIA
    VRAM:     12142 MB
    Driver:   30.0.15.1259
Initialize mono
Mono path[0] = 'C:/Program Files/Programs/Unity/2021.3.2f1/Editor/Data/Managed'
Mono path[1] = 'C:/Program Files/Programs/Unity/2021.3.2f1/Editor/Data/MonoBleedingEdge/lib/mono/unityjit-win32'
Mono config path = 'C:/Program Files/Programs/Unity/2021.3.2f1/Editor/Data/MonoBleedingEdge/etc'
Using monoOptions --debugger-agent=transport=dt_socket,embedding=1,server=y,suspend=n,address=127.0.0.1:56128
Begin MonoManager ReloadAssembly
Registering precompiled unity dll's ...
Register platform support module: C:/Program Files/Programs/Unity/2021.3.2f1/Editor/Data/PlaybackEngines/AndroidPlayer/UnityEditor.Android.Extensions.dll
Register platform support module: C:/Program Files/Programs/Unity/2021.3.2f1/Editor/Data/PlaybackEngines/iOSSupport/UnityEditor.iOS.Extensions.dll
Register platform support module: C:/Program Files/Programs/Unity/2021.3.2f1/Editor/Data/PlaybackEngines/WindowsStandaloneSupport/UnityEditor.WindowsStandalone.Extensions.dll
Registered in 0.004135 seconds.
Native extension for WindowsStandalone target not found
[usbmuxd] Start listen thread
[usbmuxd] Listen thread started
Native extension for iOS target not found
Native extension for Android target not found
Refreshing native plugins compatible for Editor in 57.21 ms, found 3 plugins.
Preloading 0 native plugins for Editor in 0.00 ms.
Mono: successfully reloaded assembly
- Completed reload, in  0.435 seconds
Domain Reload Profiling:
	ReloadAssembly (435ms)
		BeginReloadAssembly (45ms)
			ExecutionOrderSort (0ms)
			DisableScriptedObjects (0ms)
			BackupInstance (0ms)
			ReleaseScriptingObjects (0ms)
			CreateAndSetChildDomain (1ms)
		EndReloadAssembly (319ms)
			LoadAssemblies (44ms)
			RebuildTransferFunctionScriptingTraits (0ms)
			SetupTypeCache (68ms)
			ReleaseScriptCaches (0ms)
			RebuildScriptCaches (20ms)
			SetupLoadedEditorAssemblies (197ms)
				LogAssemblyErrors (0ms)
				InitializePlatformSupportModulesInManaged (44ms)
				SetLoadedEditorAssemblies (1ms)
				RefreshPlugins (57ms)
				BeforeProcessingInitializeOnLoad (1ms)
				ProcessInitializeOnLoadAttributes (65ms)
				ProcessInitializeOnLoadMethodAttributes (28ms)
				AfterProcessingInitializeOnLoad (0ms)
				EditorAssembliesLoaded (0ms)
			ExecutionOrderSort2 (0ms)
			AwakeInstancesAfterBackupRestoration (0ms)
Platform modules already initialized, skipping
Registering precompiled user dll's ...
Registered in 0.004084 seconds.
Begin MonoManager ReloadAssembly
Symbol file LoadedFromMemory doesn't match image C:\Projects\ShapeMatcher\ShapeMatcherPrototype\ShapeMatch\Library\PackageCache\com.unity.visualscripting@1.7.6\Editor\VisualScripting.Core\Dependencies\YamlDotNet\Unity.VisualScripting.YamlDotNet.dll
Symbol file LoadedFromMemory doesn't match image C:\Projects\ShapeMatcher\ShapeMatcherPrototype\ShapeMatch\Library\PackageCache\com.unity.visualscripting@1.7.6\Editor\VisualScripting.Core\Dependencies\DotNetZip\Unity.VisualScripting.IonicZip.dll
Native extension for WindowsStandalone target not found
Native extension for iOS target not found
Native extension for Android target not found
Refreshing native plugins compatible for Editor in 0.42 ms, found 3 plugins.
Preloading 0 native plugins for Editor in 0.00 ms.
Mono: successfully reloaded assembly
- Completed reload, in  0.819 seconds
Domain Reload Profiling:
	ReloadAssembly (820ms)
		BeginReloadAssembly (182ms)
			ExecutionOrderSort (0ms)
			DisableScriptedObjects (4ms)
			BackupInstance (0ms)
			ReleaseScriptingObjects (0ms)
			CreateAndSetChildDomain (123ms)
		EndReloadAssembly (561ms)
			LoadAssemblies (55ms)
			RebuildTransferFunctionScriptingTraits (0ms)
			SetupTypeCache (173ms)
			ReleaseScriptCaches (0ms)
			RebuildScriptCaches (33ms)
			SetupLoadedEditorAssemblies (271ms)
				LogAssemblyErrors (0ms)
				InitializePlatformSupportModulesInManaged (16ms)
				SetLoadedEditorAssemblies (0ms)
				RefreshPlugins (0ms)
				BeforeProcessingInitializeOnLoad (63ms)
				ProcessInitializeOnLoadAttributes (168ms)
				ProcessInitializeOnLoadMethodAttributes (19ms)
				AfterProcessingInitializeOnLoad (4ms)
				EditorAssembliesLoaded (0ms)
			ExecutionOrderSort2 (0ms)
			AwakeInstancesAfterBackupRestoration (3ms)
Platform modules already initialized, skipping
========================================================================
Worker process is ready to serve import requests
Launched and connected shader compiler UnityShaderCompiler.exe after 0.03 seconds
Refreshing native plugins compatible for Editor in 0.44 ms, found 3 plugins.
Preloading 0 native plugins for Editor in 0.00 ms.
Unloading 3816 Unused Serialized files (Serialized files now loaded: 0)
Unloading 29 unused Assets / (55.8 KB). Loaded Objects now: 4277.
Memory consumption went from 145.4 MB to 145.4 MB.
Total: 2.493100 ms (FindLiveObjects: 0.199700 ms CreateObjectMapping: 0.089300 ms MarkObjects: 2.145500 ms  DeleteObjects: 0.058000 ms)

AssetImportParameters requested are different than current active one (requested -> active):
  custom:video-decoder-ogg-theora: a1e56fd34408186e4bbccfd4996cb3dc -> 
  custom:container-muxer-webm: aa71ff27fc2769a1b78a27578f13a17b -> 
  custom:container-demuxer-webm: 4f35f7cbe854078d1ac9338744f61a02 -> 
  custom:video-encoder-webm-vp8: eb34c28f22e8b96e1ab97ce403110664 -> 
  custom:audio-encoder-webm-vorbis: bf7c407c2cedff20999df2af8eb42d56 -> 
  custom:framework-win-MediaFoundation: 216162199b28c13a410421893ffa2e32 -> 
  custom:container-demuxer-ogg: 62fdf1f143b41e24485cea50d1cbac27 -> 
  custom:video-decoder-webm-vp8: 9c59270c3fd7afecdb556c50c9e8de78 -> 
  custom:audio-decoder-ogg-vorbis: bf7c407c2cedff20999df2af8eb42d56 -> 
========================================================================
Received Import Request.
  Time since last request: 753113.808479 seconds.
  path: Assets/CuttOuts/Block/Cutout1.prefab
  artifactKey: Guid(28f42691dace4de4e9e806f2472f74ca) Importer(815301076,1909f56bfc062723c751e8b465ee728b)
Start importing Assets/CuttOuts/Block/Cutout1.prefab using Guid(28f42691dace4de4e9e806f2472f74ca) Importer(815301076,1909f56bfc062723c751e8b465ee728b)  -> (artifact id: 'ca03524cc40ee1d4c570de7fe948474f') in 0.077492 seconds 
========================================================================
Received Prepare
Registering precompiled user dll's ...
Registered in 0.004012 seconds.
Begin MonoManager ReloadAssembly
Symbol file LoadedFromMemory doesn't match image C:\Projects\ShapeMatcher\ShapeMatcherPrototype\ShapeMatch\Library\PackageCache\com.unity.visualscripting@1.7.6\Editor\VisualScripting.Core\Dependencies\YamlDotNet\Unity.VisualScripting.YamlDotNet.dll
Symbol file LoadedFromMemory doesn't match image C:\Projects\ShapeMatcher\ShapeMatcherPrototype\ShapeMatch\Library\PackageCache\com.unity.visualscripting@1.7.6\Editor\VisualScripting.Core\Dependencies\DotNetZip\Unity.VisualScripting.IonicZip.dll
Native extension for WindowsStandalone target not found
Native extension for iOS target not found
Native extension for Android target not found
Refreshing native plugins compatible for Editor in 0.55 ms, found 3 plugins.
Preloading 0 native plugins for Editor in 0.00 ms.
Error saving file Library/StateCache/LayerSettings/9e/9ecc5c3c162a7aba29bafa64c8b94b7c.json. Error: System.IO.IOException: Sharing violation on path C:\Projects\ShapeMatcher\ShapeMatcherPrototype\ShapeMatch\Library\StateCache\LayerSettings\9e\9ecc5c3c162a7aba29bafa64c8b94b7c.json
  at System.IO.FileStream..ctor (System.String path, System.IO.FileMode mode, System.IO.FileAccess access, System.IO.FileShare share, System.Int32 bufferSize, System.Boolean anonymous, System.IO.FileOptions options) [0x0019e] in <6073cf49ed704e958b8a66d540dea948>:0 
  at System.IO.FileStream..ctor (System.String path, System.IO.FileMode mode, System.IO.FileAccess access, System.IO.FileShare share, System.Int32 bufferSize, System.IO.FileOptions options) [0x00000] in <6073cf49ed704e958b8a66d540dea948>:0 
  at (wrapper remoting-invoke-with-check) System.IO.FileStream..ctor(string,System.IO.FileMode,System.IO.FileAccess,System.IO.FileShare,int,System.IO.FileOptions)
  at System.IO.StreamWriter..ctor (System.String path, System.Boolean append, System.Text.Encoding encoding, System.Int32 bufferSize) [0x00055] in <6073cf49ed704e958b8a66d540dea948>:0 
  at System.IO.StreamWriter..ctor (System.String path, System.Boolean append, System.Text.Encoding encoding) [0x00000] in <6073cf49ed704e958b8a66d540dea948>:0 
  at (wrapper remoting-invoke-with-check) System.IO.StreamWriter..ctor(string,bool,System.Text.Encoding)
  at System.IO.File.WriteAllText (System.String path, System.String contents, System.Text.Encoding encoding) [0x00034] in <6073cf49ed704e958b8a66d540dea948>:0 
  at UnityEditor.StateCache`1[T].SetState (UnityEngine.Hash128 key, T obj) [0x0004b] in <a017e354f3154926a5617fbac3a64fcc>:0 
UnityEngine.StackTraceUtility:ExtractStackTrace ()
UnityEngine.DebugLogHandler:LogFormat (UnityEngine.LogType,UnityEngine.Object,string,object[])
UnityEngine.Logger:Log (UnityEngine.LogType,object)
UnityEngine.Debug:LogError (object)
UnityEditor.StateCache`1<UnityEditor.Tools/LayerSettings>:SetState (UnityEngine.Hash128,UnityEditor.Tools/LayerSettings)
UnityEditor.Tools:set_lockedLayers (int)
UnityEditor.Tools:OnEnable ()
UnityEngine.ScriptableObject:CreateInstance (System.Type)
UnityEngine.ScriptableObject:CreateInstance<UnityEditor.Tools> ()
UnityEditor.Tools:get_get ()
UnityEditor.Tools:get_visibleLayers ()
UnityEditor.Animations.Rigging.BoneRendererUtils:.cctor () (at Library/PackageCache/com.unity.animation.rigging@1.1.1/Editor/Utils/BoneRendererUtils.cs:121)
System.Runtime.CompilerServices.RuntimeHelpers:RunClassConstructor (System.RuntimeTypeHandle)
UnityEditor.EditorAssemblies:ProcessInitializeOnLoadAttributes (System.Type[])

(Filename: Library/PackageCache/com.unity.animation.rigging@1.1.1/Editor/Utils/BoneRendererUtils.cs Line: 121)

Mono: successfully reloaded assembly
- Completed reload, in  0.757 seconds
Domain Reload Profiling:
	ReloadAssembly (758ms)
		BeginReloadAssembly (96ms)
			ExecutionOrderSort (0ms)
			DisableScriptedObjects (3ms)
			BackupInstance (0ms)
			ReleaseScriptingObjects (0ms)
			CreateAndSetChildDomain (26ms)
		EndReloadAssembly (583ms)
			LoadAssemblies (57ms)
			RebuildTransferFunctionScriptingTraits (0ms)
			SetupTypeCache (186ms)
			ReleaseScriptCaches (1ms)
			RebuildScriptCaches (30ms)
			SetupLoadedEditorAssemblies (272ms)
				LogAssemblyErrors (0ms)
				InitializePlatformSupportModulesInManaged (24ms)
				SetLoadedEditorAssemblies (0ms)
				RefreshPlugins (1ms)
				BeforeProcessingInitializeOnLoad (55ms)
				ProcessInitializeOnLoadAttributes (167ms)
				ProcessInitializeOnLoadMethodAttributes (20ms)
				AfterProcessingInitializeOnLoad (5ms)
				EditorAssembliesLoaded (0ms)
			ExecutionOrderSort2 (0ms)
			AwakeInstancesAfterBackupRestoration (7ms)
Platform modules already initialized, skipping
Refreshing native plugins compatible for Editor in 1.52 ms, found 3 plugins.
Preloading 0 native plugins for Editor in 0.00 ms.
Unloading 3794 Unused Serialized files (Serialized files now loaded: 0)
Unloading 22 unused Assets / (24.6 KB). Loaded Objects now: 4288.
Memory consumption went from 148.2 MB to 148.1 MB.
Total: 2.167900 ms (FindLiveObjects: 0.204400 ms CreateObjectMapping: 0.108400 ms MarkObjects: 1.837400 ms  DeleteObjects: 0.016900 ms)

AssetImportParameters requested are different than current active one (requested -> active):
  custom:video-decoder-ogg-theora: a1e56fd34408186e4bbccfd4996cb3dc -> 
  custom:container-muxer-webm: aa71ff27fc2769a1b78a27578f13a17b -> 
  custom:container-demuxer-webm: 4f35f7cbe854078d1ac9338744f61a02 -> 
  custom:video-encoder-webm-vp8: eb34c28f22e8b96e1ab97ce403110664 -> 
  custom:audio-encoder-webm-vorbis: bf7c407c2cedff20999df2af8eb42d56 -> 
  custom:framework-win-MediaFoundation: 216162199b28c13a410421893ffa2e32 -> 
  custom:container-demuxer-ogg: 62fdf1f143b41e24485cea50d1cbac27 -> 
  custom:video-decoder-webm-vp8: 9c59270c3fd7afecdb556c50c9e8de78 -> 
  custom:audio-decoder-ogg-vorbis: bf7c407c2cedff20999df2af8eb42d56 -> 
========================================================================
Received Import Request.
  Time since last request: 246.045901 seconds.
  path: Assets/Chunks/Chunk1.prefab
  artifactKey: Guid(634d67bdd7e9a4542900ff0c001b0fdf) Importer(815301076,1909f56bfc062723c751e8b465ee728b)
Start importing Assets/Chunks/Chunk1.prefab using Guid(634d67bdd7e9a4542900ff0c001b0fdf) Importer(815301076,1909f56bfc062723c751e8b465ee728b)  -> (artifact id: 'd0f36740dc0552501031ea60cdcc05c6') in 0.067415 seconds 
========================================================================
Received Import Request.
  Time since last request: 2.090605 seconds.
  path: Assets/CuttOuts/Block/Cutout1.prefab
  artifactKey: Guid(28f42691dace4de4e9e806f2472f74ca) Importer(815301076,1909f56bfc062723c751e8b465ee728b)
Start importing Assets/CuttOuts/Block/Cutout1.prefab using Guid(28f42691dace4de4e9e806f2472f74ca) Importer(815301076,1909f56bfc062723c751e8b465ee728b)  -> (artifact id: '538929e598197f675d4a0cadfb274150') in 0.014283 seconds 
========================================================================
Received Import Request.
  Time since last request: 7.184042 seconds.
  path: Assets/CuttOuts/Block/PopSound.prefab
  artifactKey: Guid(0aa51005f53d6d34eb25adef8441e2bf) Importer(815301076,1909f56bfc062723c751e8b465ee728b)
Start importing Assets/CuttOuts/Block/PopSound.prefab using Guid(0aa51005f53d6d34eb25adef8441e2bf) Importer(815301076,1909f56bfc062723c751e8b465ee728b)  -> (artifact id: '3b5bb358913c4e59ae11455b966a32b0') in 0.003874 seconds 
========================================================================
Received Import Request.
  Time since last request: 3.869203 seconds.
  path: Assets/CuttOuts/Block/Cutout1.prefab
  artifactKey: Guid(28f42691dace4de4e9e806f2472f74ca) Importer(815301076,1909f56bfc062723c751e8b465ee728b)
Start importing Assets/CuttOuts/Block/Cutout1.prefab using Guid(28f42691dace4de4e9e806f2472f74ca) Importer(815301076,1909f56bfc062723c751e8b465ee728b)  -> (artifact id: 'aba0140b195683fd7ba3f4f78079c2c6') in 0.007764 seconds 
========================================================================
Received Import Request.
  Time since last request: 10.954858 seconds.
  path: Assets/CuttOuts/Block/Cutout2.prefab
  artifactKey: Guid(952e63e6249f2694a8458c9b8eb765ef) Importer(815301076,1909f56bfc062723c751e8b465ee728b)
Start importing Assets/CuttOuts/Block/Cutout2.prefab using Guid(952e63e6249f2694a8458c9b8eb765ef) Importer(815301076,1909f56bfc062723c751e8b465ee728b)  -> (artifact id: 'be7e1abb1c1376788abb2b10a78bef21') in 0.010183 seconds 
========================================================================
Received Import Request.
  Time since last request: 6.289327 seconds.
  path: Assets/CuttOuts/Block/Cutout3.prefab
  artifactKey: Guid(552106c208c97404fb47be8751ded360) Importer(815301076,1909f56bfc062723c751e8b465ee728b)
Start importing Assets/CuttOuts/Block/Cutout3.prefab using Guid(552106c208c97404fb47be8751ded360) Importer(815301076,1909f56bfc062723c751e8b465ee728b)  -> (artifact id: '5a13b4a1e914aca295c9c47eaf3da48a') in 0.007233 seconds 
========================================================================
Received Import Request.
  Time since last request: 2.864561 seconds.
  path: Assets/CuttOuts/Block/Cutout6.prefab
  artifactKey: Guid(b5b85f46857fdb2469fb6240e4bd1739) Importer(815301076,1909f56bfc062723c751e8b465ee728b)
Start importing Assets/CuttOuts/Block/Cutout6.prefab using Guid(b5b85f46857fdb2469fb6240e4bd1739) Importer(815301076,1909f56bfc062723c751e8b465ee728b)  -> (artifact id: '7f8edaa412cd554a294aeeea53c30414') in 0.009451 seconds 
========================================================================
Received Import Request.
  Time since last request: 2.458813 seconds.
  path: Assets/CuttOuts/Block/Cutout7.prefab
  artifactKey: Guid(b7bf541b29e7d894f8ecc55690f7ff63) Importer(815301076,1909f56bfc062723c751e8b465ee728b)
Start importing Assets/CuttOuts/Block/Cutout7.prefab using Guid(b7bf541b29e7d894f8ecc55690f7ff63) Importer(815301076,1909f56bfc062723c751e8b465ee728b)  -> (artifact id: '7426f77669f9677a1b0f94ee5bf1bd4f') in 0.007264 seconds 
========================================================================
Received Import Request.
  Time since last request: 2.401749 seconds.
  path: Assets/CuttOuts/Block/Cutout8.prefab
  artifactKey: Guid(31f6a345382b2d142a53e117014cdb32) Importer(815301076,1909f56bfc062723c751e8b465ee728b)
Start importing Assets/CuttOuts/Block/Cutout8.prefab using Guid(31f6a345382b2d142a53e117014cdb32) Importer(815301076,1909f56bfc062723c751e8b465ee728b)  -> (artifact id: '50226e084dbf12a2b3f15a8aab941d86') in 0.008827 seconds 
========================================================================
Received Import Request.
  Time since last request: 3.211441 seconds.
  path: Assets/CuttOuts/Block/Cutout9.prefab
  artifactKey: Guid(e12f31ca6f8826344bd870539674b0d4) Importer(815301076,1909f56bfc062723c751e8b465ee728b)
Start importing Assets/CuttOuts/Block/Cutout9.prefab using Guid(e12f31ca6f8826344bd870539674b0d4) Importer(815301076,1909f56bfc062723c751e8b465ee728b)  -> (artifact id: 'c85ab029885ef3150e38e45ba39a7948') in 0.006203 seconds 
========================================================================
Received Import Request.
  Time since last request: 2.267624 seconds.
  path: Assets/CuttOuts/Block/Cutout10.prefab
  artifactKey: Guid(ca35e65390df168499502ae2a41e417d) Importer(815301076,1909f56bfc062723c751e8b465ee728b)
Start importing Assets/CuttOuts/Block/Cutout10.prefab using Guid(ca35e65390df168499502ae2a41e417d) Importer(815301076,1909f56bfc062723c751e8b465ee728b)  -> (artifact id: '24edb1b56487f649e9f129a25fcc0ae4') in 0.006263 seconds 
========================================================================
Received Import Request.
  Time since last request: 2.718081 seconds.
  path: Assets/CuttOuts/Block/Cutout11.prefab
  artifactKey: Guid(ddfb33e33fc1c854d9329f804a07d695) Importer(815301076,1909f56bfc062723c751e8b465ee728b)
Start importing Assets/CuttOuts/Block/Cutout11.prefab using Guid(ddfb33e33fc1c854d9329f804a07d695) Importer(815301076,1909f56bfc062723c751e8b465ee728b)  -> (artifact id: '217e373f63eec54a58e3f147f8b6b061') in 0.006556 seconds 
========================================================================
Received Import Request.
  Time since last request: 3.749002 seconds.
  path: Assets/CuttOuts/Block/Cutout12.prefab
  artifactKey: Guid(c00f963fb09ba184f8c6614c5feb1159) Importer(815301076,1909f56bfc062723c751e8b465ee728b)
Start importing Assets/CuttOuts/Block/Cutout12.prefab using Guid(c00f963fb09ba184f8c6614c5feb1159) Importer(815301076,1909f56bfc062723c751e8b465ee728b)  -> (artifact id: '79dc0ce6ac1b09249988fc9baa6895fc') in 0.007361 seconds 
========================================================================
Received Import Request.
  Time since last request: 2.506216 seconds.
  path: Assets/CuttOuts/Block/Cutout15.prefab
  artifactKey: Guid(1409fe3c7e82417479104253ce712d6b) Importer(815301076,1909f56bfc062723c751e8b465ee728b)
Start importing Assets/CuttOuts/Block/Cutout15.prefab using Guid(1409fe3c7e82417479104253ce712d6b) Importer(815301076,1909f56bfc062723c751e8b465ee728b)  -> (artifact id: '0e40a07aa557c0c97412e3c7e320e363') in 0.015949 seconds 
========================================================================
Received Prepare
Registering precompiled user dll's ...
Registered in 0.004470 seconds.
Begin MonoManager ReloadAssembly
Symbol file LoadedFromMemory doesn't match image C:\Projects\ShapeMatcher\ShapeMatcherPrototype\ShapeMatch\Library\PackageCache\com.unity.visualscripting@1.7.6\Editor\VisualScripting.Core\Dependencies\YamlDotNet\Unity.VisualScripting.YamlDotNet.dll
Symbol file LoadedFromMemory doesn't match image C:\Projects\ShapeMatcher\ShapeMatcherPrototype\ShapeMatch\Library\PackageCache\com.unity.visualscripting@1.7.6\Editor\VisualScripting.Core\Dependencies\DotNetZip\Unity.VisualScripting.IonicZip.dll
Native extension for WindowsStandalone target not found
Native extension for iOS target not found
Native extension for Android target not found
Refreshing native plugins compatible for Editor in 0.53 ms, found 3 plugins.
Preloading 0 native plugins for Editor in 0.00 ms.
Mono: successfully reloaded assembly
- Completed reload, in  0.764 seconds
Domain Reload Profiling:
	ReloadAssembly (764ms)
		BeginReloadAssembly (97ms)
			ExecutionOrderSort (0ms)
			DisableScriptedObjects (3ms)
			BackupInstance (0ms)
			ReleaseScriptingObjects (0ms)
			CreateAndSetChildDomain (30ms)
		EndReloadAssembly (595ms)
			LoadAssemblies (56ms)
			RebuildTransferFunctionScriptingTraits (0ms)
			SetupTypeCache (195ms)
			ReleaseScriptCaches (1ms)
			RebuildScriptCaches (31ms)
			SetupLoadedEditorAssemblies (278ms)
				LogAssemblyErrors (0ms)
				InitializePlatformSupportModulesInManaged (25ms)
				SetLoadedEditorAssemblies (0ms)
				RefreshPlugins (1ms)
				BeforeProcessingInitializeOnLoad (54ms)
				ProcessInitializeOnLoadAttributes (173ms)
				ProcessInitializeOnLoadMethodAttributes (20ms)
				AfterProcessingInitializeOnLoad (4ms)
				EditorAssembliesLoaded (0ms)
			ExecutionOrderSort2 (0ms)
			AwakeInstancesAfterBackupRestoration (5ms)
Platform modules already initialized, skipping
Refreshing native plugins compatible for Editor in 1.43 ms, found 3 plugins.
Preloading 0 native plugins for Editor in 0.00 ms.
Unloading 3794 Unused Serialized files (Serialized files now loaded: 0)
Unloading 22 unused Assets / (24.7 KB). Loaded Objects now: 4294.
Memory consumption went from 148.3 MB to 148.3 MB.
Total: 2.529700 ms (FindLiveObjects: 0.208300 ms CreateObjectMapping: 0.116800 ms MarkObjects: 2.182000 ms  DeleteObjects: 0.021300 ms)

AssetImportParameters requested are different than current active one (requested -> active):
  custom:video-decoder-ogg-theora: a1e56fd34408186e4bbccfd4996cb3dc -> 
  custom:container-muxer-webm: aa71ff27fc2769a1b78a27578f13a17b -> 
  custom:container-demuxer-webm: 4f35f7cbe854078d1ac9338744f61a02 -> 
  custom:video-encoder-webm-vp8: eb34c28f22e8b96e1ab97ce403110664 -> 
  custom:audio-encoder-webm-vorbis: bf7c407c2cedff20999df2af8eb42d56 -> 
  custom:framework-win-MediaFoundation: 216162199b28c13a410421893ffa2e32 -> 
  custom:container-demuxer-ogg: 62fdf1f143b41e24485cea50d1cbac27 -> 
  custom:video-decoder-webm-vp8: 9c59270c3fd7afecdb556c50c9e8de78 -> 
  custom:audio-decoder-ogg-vorbis: bf7c407c2cedff20999df2af8eb42d56 -> 
========================================================================
Received Import Request.
  Time since last request: 22.711487 seconds.
  path: Assets/CuttOuts/Block/PopSound.prefab
  artifactKey: Guid(0aa51005f53d6d34eb25adef8441e2bf) Importer(815301076,1909f56bfc062723c751e8b465ee728b)
Start importing Assets/CuttOuts/Block/PopSound.prefab using Guid(0aa51005f53d6d34eb25adef8441e2bf) Importer(815301076,1909f56bfc062723c751e8b465ee728b)  -> (artifact id: 'b2c5a939e79b61c720d2684f13f732d6') in 0.027908 seconds 
========================================================================
Received Import Request.
  Time since last request: 0.000026 seconds.
  path: Assets/CuttOuts/Block/Cutout2.prefab
  artifactKey: Guid(952e63e6249f2694a8458c9b8eb765ef) Importer(815301076,1909f56bfc062723c751e8b465ee728b)
Start importing Assets/CuttOuts/Block/Cutout2.prefab using Guid(952e63e6249f2694a8458c9b8eb765ef) Importer(815301076,1909f56bfc062723c751e8b465ee728b)  -> (artifact id: '71b1a6f01541b8af6316fac5b1d5ff2f') in 0.027459 seconds 
========================================================================
Received Import Request.
  Time since last request: 0.000018 seconds.
  path: Assets/CuttOuts/Block/Cutout10.prefab
  artifactKey: Guid(ca35e65390df168499502ae2a41e417d) Importer(815301076,1909f56bfc062723c751e8b465ee728b)
Start importing Assets/CuttOuts/Block/Cutout10.prefab using Guid(ca35e65390df168499502ae2a41e417d) Importer(815301076,1909f56bfc062723c751e8b465ee728b)  -> (artifact id: '071384b0597a23da2e9a3f828348e7b0') in 0.009374 seconds 
========================================================================
Received Import Request.
  Time since last request: 0.000028 seconds.
  path: Assets/CuttOuts/Block/Cutout11.prefab
  artifactKey: Guid(ddfb33e33fc1c854d9329f804a07d695) Importer(815301076,1909f56bfc062723c751e8b465ee728b)
Start importing Assets/CuttOuts/Block/Cutout11.prefab using Guid(ddfb33e33fc1c854d9329f804a07d695) Importer(815301076,1909f56bfc062723c751e8b465ee728b)  -> (artifact id: 'a757f16dfbad1ce682279c75a29571b7') in 0.007615 seconds 
========================================================================
Received Import Request.
  Time since last request: 0.000020 seconds.
  path: Assets/CuttOuts/Block/Cutout12.prefab
  artifactKey: Guid(c00f963fb09ba184f8c6614c5feb1159) Importer(815301076,1909f56bfc062723c751e8b465ee728b)
Start importing Assets/CuttOuts/Block/Cutout12.prefab using Guid(c00f963fb09ba184f8c6614c5feb1159) Importer(815301076,1909f56bfc062723c751e8b465ee728b)  -> (artifact id: 'd6ee83eb965069f2a5aaaf2d5e84d1af') in 0.007625 seconds 
========================================================================
Received Import Request.
  Time since last request: 0.000023 seconds.
  path: Assets/CuttOuts/Block/Cutout9.prefab
  artifactKey: Guid(e12f31ca6f8826344bd870539674b0d4) Importer(815301076,1909f56bfc062723c751e8b465ee728b)
Start importing Assets/CuttOuts/Block/Cutout9.prefab using Guid(e12f31ca6f8826344bd870539674b0d4) Importer(815301076,1909f56bfc062723c751e8b465ee728b)  -> (artifact id: '42481a5fe45b468d1e54cd9400b6069e') in 0.010696 seconds 
========================================================================
Received Import Request.
  Time since last request: 0.000016 seconds.
  path: Assets/CuttOuts/Block/Cutout3.prefab
  artifactKey: Guid(552106c208c97404fb47be8751ded360) Importer(815301076,1909f56bfc062723c751e8b465ee728b)
Start importing Assets/CuttOuts/Block/Cutout3.prefab using Guid(552106c208c97404fb47be8751ded360) Importer(815301076,1909f56bfc062723c751e8b465ee728b)  -> (artifact id: '6c3aceb7918abe2436836bd27079bdf0') in 0.010289 seconds 
========================================================================
Received Prepare
Registering precompiled user dll's ...
Registered in 0.003991 seconds.
Begin MonoManager ReloadAssembly
Symbol file LoadedFromMemory doesn't match image C:\Projects\ShapeMatcher\ShapeMatcherPrototype\ShapeMatch\Library\PackageCache\com.unity.visualscripting@1.7.6\Editor\VisualScripting.Core\Dependencies\YamlDotNet\Unity.VisualScripting.YamlDotNet.dll
Symbol file LoadedFromMemory doesn't match image C:\Projects\ShapeMatcher\ShapeMatcherPrototype\ShapeMatch\Library\PackageCache\com.unity.visualscripting@1.7.6\Editor\VisualScripting.Core\Dependencies\DotNetZip\Unity.VisualScripting.IonicZip.dll
Native extension for WindowsStandalone target not found
Native extension for iOS target not found
Native extension for Android target not found
Refreshing native plugins compatible for Editor in 0.58 ms, found 3 plugins.
Preloading 0 native plugins for Editor in 0.00 ms.
Error saving file Library/StateCache/LayerSettings/9e/9ecc5c3c162a7aba29bafa64c8b94b7c.json. Error: System.IO.IOException: Sharing violation on path C:\Projects\ShapeMatcher\ShapeMatcherPrototype\ShapeMatch\Library\StateCache\LayerSettings\9e\9ecc5c3c162a7aba29bafa64c8b94b7c.json
  at System.IO.FileStream..ctor (System.String path, System.IO.FileMode mode, System.IO.FileAccess access, System.IO.FileShare share, System.Int32 bufferSize, System.Boolean anonymous, System.IO.FileOptions options) [0x0019e] in <6073cf49ed704e958b8a66d540dea948>:0 
  at System.IO.FileStream..ctor (System.String path, System.IO.FileMode mode, System.IO.FileAccess access, System.IO.FileShare share, System.Int32 bufferSize, System.IO.FileOptions options) [0x00000] in <6073cf49ed704e958b8a66d540dea948>:0 
  at (wrapper remoting-invoke-with-check) System.IO.FileStream..ctor(string,System.IO.FileMode,System.IO.FileAccess,System.IO.FileShare,int,System.IO.FileOptions)
  at System.IO.StreamWriter..ctor (System.String path, System.Boolean append, System.Text.Encoding encoding, System.Int32 bufferSize) [0x00055] in <6073cf49ed704e958b8a66d540dea948>:0 
  at System.IO.StreamWriter..ctor (System.String path, System.Boolean append, System.Text.Encoding encoding) [0x00000] in <6073cf49ed704e958b8a66d540dea948>:0 
  at (wrapper remoting-invoke-with-check) System.IO.StreamWriter..ctor(string,bool,System.Text.Encoding)
  at System.IO.File.WriteAllText (System.String path, System.String contents, System.Text.Encoding encoding) [0x00034] in <6073cf49ed704e958b8a66d540dea948>:0 
  at UnityEditor.StateCache`1[T].SetState (UnityEngine.Hash128 key, T obj) [0x0004b] in <a017e354f3154926a5617fbac3a64fcc>:0 
UnityEngine.StackTraceUtility:ExtractStackTrace ()
UnityEngine.DebugLogHandler:LogFormat (UnityEngine.LogType,UnityEngine.Object,string,object[])
UnityEngine.Logger:Log (UnityEngine.LogType,object)
UnityEngine.Debug:LogError (object)
UnityEditor.StateCache`1<UnityEditor.Tools/LayerSettings>:SetState (UnityEngine.Hash128,UnityEditor.Tools/LayerSettings)
UnityEditor.Tools:set_lockedLayers (int)
UnityEditor.Tools:OnEnable ()
UnityEngine.ScriptableObject:CreateInstance (System.Type)
UnityEngine.ScriptableObject:CreateInstance<UnityEditor.Tools> ()
UnityEditor.Tools:get_get ()
UnityEditor.Tools:get_visibleLayers ()
UnityEditor.Animations.Rigging.BoneRendererUtils:.cctor () (at Library/PackageCache/com.unity.animation.rigging@1.1.1/Editor/Utils/BoneRendererUtils.cs:121)
System.Runtime.CompilerServices.RuntimeHelpers:RunClassConstructor (System.RuntimeTypeHandle)
UnityEditor.EditorAssemblies:ProcessInitializeOnLoadAttributes (System.Type[])

(Filename: Library/PackageCache/com.unity.animation.rigging@1.1.1/Editor/Utils/BoneRendererUtils.cs Line: 121)

Error saving file Library/StateCache/LayerSettings/9e/9ecc5c3c162a7aba29bafa64c8b94b7c.json. Error: System.IO.IOException: Sharing violation on path C:\Projects\ShapeMatcher\ShapeMatcherPrototype\ShapeMatch\Library\StateCache\LayerSettings\9e\9ecc5c3c162a7aba29bafa64c8b94b7c.json
  at System.IO.FileStream..ctor (System.String path, System.IO.FileMode mode, System.IO.FileAccess access, System.IO.FileShare share, System.Int32 bufferSize, System.Boolean anonymous, System.IO.FileOptions options) [0x0019e] in <6073cf49ed704e958b8a66d540dea948>:0 
  at System.IO.FileStream..ctor (System.String path, System.IO.FileMode mode, System.IO.FileAccess access, System.IO.FileShare share, System.Int32 bufferSize, System.IO.FileOptions options) [0x00000] in <6073cf49ed704e958b8a66d540dea948>:0 
  at (wrapper remoting-invoke-with-check) System.IO.FileStream..ctor(string,System.IO.FileMode,System.IO.FileAccess,System.IO.FileShare,int,System.IO.FileOptions)
  at System.IO.StreamWriter..ctor (System.String path, System.Boolean append, System.Text.Encoding encoding, System.Int32 bufferSize) [0x00055] in <6073cf49ed704e958b8a66d540dea948>:0 
  at System.IO.StreamWriter..ctor (System.String path, System.Boolean append, System.Text.Encoding encoding) [0x00000] in <6073cf49ed704e958b8a66d540dea948>:0 
  at (wrapper remoting-invoke-with-check) System.IO.StreamWriter..ctor(string,bool,System.Text.Encoding)
  at System.IO.File.WriteAllText (System.String path, System.String contents, System.Text.Encoding encoding) [0x00034] in <6073cf49ed704e958b8a66d540dea948>:0 
  at UnityEditor.StateCache`1[T].SetState (UnityEngine.Hash128 key, T obj) [0x0004b] in <a017e354f3154926a5617fbac3a64fcc>:0 
UnityEngine.StackTraceUtility:ExtractStackTrace ()
UnityEngine.DebugLogHandler:LogFormat (UnityEngine.LogType,UnityEngine.Object,string,object[])
UnityEngine.Logger:Log (UnityEngine.LogType,object)
UnityEngine.Debug:LogError (object)
UnityEditor.StateCache`1<UnityEditor.Tools/LayerSettings>:SetState (UnityEngine.Hash128,UnityEditor.Tools/LayerSettings)
UnityEditor.Tools:set_lockedLayers (int)
UnityEditor.Tools:OnEnable ()

Mono: successfully reloaded assembly
- Completed reload, in  0.842 seconds
Domain Reload Profiling:
	ReloadAssembly (842ms)
		BeginReloadAssembly (117ms)
			ExecutionOrderSort (0ms)
			DisableScriptedObjects (3ms)
			BackupInstance (0ms)
			ReleaseScriptingObjects (0ms)
			CreateAndSetChildDomain (32ms)
		EndReloadAssembly (642ms)
			LoadAssemblies (77ms)
			RebuildTransferFunctionScriptingTraits (0ms)
			SetupTypeCache (200ms)
			ReleaseScriptCaches (1ms)
			RebuildScriptCaches (36ms)
			SetupLoadedEditorAssemblies (297ms)
				LogAssemblyErrors (0ms)
				InitializePlatformSupportModulesInManaged (27ms)
				SetLoadedEditorAssemblies (0ms)
				RefreshPlugins (1ms)
				BeforeProcessingInitializeOnLoad (58ms)
				ProcessInitializeOnLoadAttributes (182ms)
				ProcessInitializeOnLoadMethodAttributes (23ms)
				AfterProcessingInitializeOnLoad (5ms)
				EditorAssembliesLoaded (0ms)
			ExecutionOrderSort2 (0ms)
			AwakeInstancesAfterBackupRestoration (10ms)
Platform modules already initialized, skipping
Refreshing native plugins compatible for Editor in 1.45 ms, found 3 plugins.
Preloading 0 native plugins for Editor in 0.00 ms.
Unloading 3794 Unused Serialized files (Serialized files now loaded: 0)
Unloading 22 unused Assets / (24.7 KB). Loaded Objects now: 4298.
Memory consumption went from 148.3 MB to 148.3 MB.
Total: 2.060600 ms (FindLiveObjects: 0.203200 ms CreateObjectMapping: 0.108300 ms MarkObjects: 1.730100 ms  DeleteObjects: 0.018200 ms)

AssetImportParameters requested are different than current active one (requested -> active):
  custom:video-decoder-ogg-theora: a1e56fd34408186e4bbccfd4996cb3dc -> 
  custom:container-muxer-webm: aa71ff27fc2769a1b78a27578f13a17b -> 
  custom:container-demuxer-webm: 4f35f7cbe854078d1ac9338744f61a02 -> 
  custom:video-encoder-webm-vp8: eb34c28f22e8b96e1ab97ce403110664 -> 
  custom:audio-encoder-webm-vorbis: bf7c407c2cedff20999df2af8eb42d56 -> 
  custom:framework-win-MediaFoundation: 216162199b28c13a410421893ffa2e32 -> 
  custom:container-demuxer-ogg: 62fdf1f143b41e24485cea50d1cbac27 -> 
  custom:video-decoder-webm-vp8: 9c59270c3fd7afecdb556c50c9e8de78 -> 
  custom:audio-decoder-ogg-vorbis: bf7c407c2cedff20999df2af8eb42d56 -> 
========================================================================
Received Import Request.
  Time since last request: 15.408632 seconds.
  path: Assets/CuttOuts/Block/PopSound.prefab
  artifactKey: Guid(0aa51005f53d6d34eb25adef8441e2bf) Importer(815301076,1909f56bfc062723c751e8b465ee728b)
Start importing Assets/CuttOuts/Block/PopSound.prefab using Guid(0aa51005f53d6d34eb25adef8441e2bf) Importer(815301076,1909f56bfc062723c751e8b465ee728b)  -> (artifact id: 'b0eb504bdb310570173e598376e13888') in 0.024882 seconds 
========================================================================
Received Import Request.
  Time since last request: 0.000023 seconds.
  path: Assets/CuttOuts/Block/Cutout11.prefab
  artifactKey: Guid(ddfb33e33fc1c854d9329f804a07d695) Importer(815301076,1909f56bfc062723c751e8b465ee728b)
Start importing Assets/CuttOuts/Block/Cutout11.prefab using Guid(ddfb33e33fc1c854d9329f804a07d695) Importer(815301076,1909f56bfc062723c751e8b465ee728b)  -> (artifact id: 'cbc58f9470388b81c72291b18adba0be') in 0.028197 seconds 
========================================================================
Received Import Request.
  Time since last request: 0.000021 seconds.
  path: Assets/CuttOuts/Block/Cutout10.prefab
  artifactKey: Guid(ca35e65390df168499502ae2a41e417d) Importer(815301076,1909f56bfc062723c751e8b465ee728b)
Start importing Assets/CuttOuts/Block/Cutout10.prefab using Guid(ca35e65390df168499502ae2a41e417d) Importer(815301076,1909f56bfc062723c751e8b465ee728b)  -> (artifact id: 'cd6845521f9de81ba2fdec09e9d73162') in 0.007253 seconds 
========================================================================
Received Import Request.
  Time since last request: 0.000041 seconds.
  path: Assets/CuttOuts/Block/Cutout15.prefab
  artifactKey: Guid(1409fe3c7e82417479104253ce712d6b) Importer(815301076,1909f56bfc062723c751e8b465ee728b)
Start importing Assets/CuttOuts/Block/Cutout15.prefab using Guid(1409fe3c7e82417479104253ce712d6b) Importer(815301076,1909f56bfc062723c751e8b465ee728b)  -> (artifact id: '4ca2ad0e487f0c3ebb177e2f84bfaaa2') in 0.010424 seconds 
========================================================================
Received Import Request.
  Time since last request: 0.000025 seconds.
  path: Assets/CuttOuts/Block/Cutout9.prefab
  artifactKey: Guid(e12f31ca6f8826344bd870539674b0d4) Importer(815301076,1909f56bfc062723c751e8b465ee728b)
Start importing Assets/CuttOuts/Block/Cutout9.prefab using Guid(e12f31ca6f8826344bd870539674b0d4) Importer(815301076,1909f56bfc062723c751e8b465ee728b)  -> (artifact id: '6504b036b605081032e692ec08a9286e') in 0.008684 seconds 
========================================================================
Received Import Request.
  Time since last request: 2.267576 seconds.
  path: Assets/CuttOuts/Block/PopSound.prefab
  artifactKey: Guid(0aa51005f53d6d34eb25adef8441e2bf) Importer(815301076,1909f56bfc062723c751e8b465ee728b)
Start importing Assets/CuttOuts/Block/PopSound.prefab using Guid(0aa51005f53d6d34eb25adef8441e2bf) Importer(815301076,1909f56bfc062723c751e8b465ee728b)  -> (artifact id: '13ba648840267295f36ee213f9be7491') in 0.003880 seconds 
========================================================================
Received Import Request.
  Time since last request: 0.000062 seconds.
  path: Assets/CuttOuts/Block/Cutout6.prefab
  artifactKey: Guid(b5b85f46857fdb2469fb6240e4bd1739) Importer(815301076,1909f56bfc062723c751e8b465ee728b)
Start importing Assets/CuttOuts/Block/Cutout6.prefab using Guid(b5b85f46857fdb2469fb6240e4bd1739) Importer(815301076,1909f56bfc062723c751e8b465ee728b)  -> (artifact id: 'c8cbd421ecc224b713293bb24340ec97') in 0.008821 seconds 
========================================================================
Received Import Request.
  Time since last request: 0.000017 seconds.
  path: Assets/CuttOuts/Block/Cutout15.prefab
  artifactKey: Guid(1409fe3c7e82417479104253ce712d6b) Importer(815301076,1909f56bfc062723c751e8b465ee728b)
Start importing Assets/CuttOuts/Block/Cutout15.prefab using Guid(1409fe3c7e82417479104253ce712d6b) Importer(815301076,1909f56bfc062723c751e8b465ee728b)  -> (artifact id: 'cdd8ec728555620d91eab6ecb8bf2923') in 0.009039 seconds 
========================================================================
Received Import Request.
  Time since last request: 0.963587 seconds.
  path: Assets/CuttOuts/Block/PopSound.prefab
  artifactKey: Guid(0aa51005f53d6d34eb25adef8441e2bf) Importer(815301076,1909f56bfc062723c751e8b465ee728b)
Start importing Assets/CuttOuts/Block/PopSound.prefab using Guid(0aa51005f53d6d34eb25adef8441e2bf) Importer(815301076,1909f56bfc062723c751e8b465ee728b)  -> (artifact id: '8350d38c57299251a0634b67193e25fd') in 0.003528 seconds 
========================================================================
Received Import Request.
  Time since last request: 0.000034 seconds.
  path: Assets/CuttOuts/Block/Cutout6.prefab
  artifactKey: Guid(b5b85f46857fdb2469fb6240e4bd1739) Importer(815301076,1909f56bfc062723c751e8b465ee728b)
Start importing Assets/CuttOuts/Block/Cutout6.prefab using Guid(b5b85f46857fdb2469fb6240e4bd1739) Importer(815301076,1909f56bfc062723c751e8b465ee728b)  -> (artifact id: '9f5af45bdc6500f3e36df846e9ef4cd0') in 0.008782 seconds 
========================================================================
Received Import Request.
  Time since last request: 0.000023 seconds.
  path: Assets/CuttOuts/Block/Cutout10.prefab
  artifactKey: Guid(ca35e65390df168499502ae2a41e417d) Importer(815301076,1909f56bfc062723c751e8b465ee728b)
Start importing Assets/CuttOuts/Block/Cutout10.prefab using Guid(ca35e65390df168499502ae2a41e417d) Importer(815301076,1909f56bfc062723c751e8b465ee728b)  -> (artifact id: 'c542ec140b0b99ee676cd909a5629c52') in 0.007570 seconds 
========================================================================
Received Import Request.
  Time since last request: 0.000016 seconds.
  path: Assets/CuttOuts/Block/Cutout7.prefab
  artifactKey: Guid(b7bf541b29e7d894f8ecc55690f7ff63) Importer(815301076,1909f56bfc062723c751e8b465ee728b)
Start importing Assets/CuttOuts/Block/Cutout7.prefab using Guid(b7bf541b29e7d894f8ecc55690f7ff63) Importer(815301076,1909f56bfc062723c751e8b465ee728b)  -> (artifact id: '3fa5b69d3e76958dbbf00e1875351eb8') in 0.007771 seconds 
========================================================================
Received Import Request.
  Time since last request: 187.055892 seconds.
  path: Assets/CuttOuts/Block/Test.prefab
  artifactKey: Guid(80a1d76c512531c4b800a689f63ec4f1) Importer(815301076,1909f56bfc062723c751e8b465ee728b)
Start importing Assets/CuttOuts/Block/Test.prefab using Guid(80a1d76c512531c4b800a689f63ec4f1) Importer(815301076,1909f56bfc062723c751e8b465ee728b)  -> (artifact id: '1188062d08a2e368ccf8a34d0d8011a4') in 0.006379 seconds 
========================================================================
Received Import Request.
  Time since last request: 5.499273 seconds.
  path: Assets/CuttOuts/Block/Cutout1.prefab
  artifactKey: Guid(28f42691dace4de4e9e806f2472f74ca) Importer(815301076,1909f56bfc062723c751e8b465ee728b)
Start importing Assets/CuttOuts/Block/Cutout1.prefab using Guid(28f42691dace4de4e9e806f2472f74ca) Importer(815301076,1909f56bfc062723c751e8b465ee728b)  -> (artifact id: 'abc71a5397fa5a55bc2ff13a347f6589') in 0.007564 seconds 
========================================================================
Received Prepare
Registering precompiled user dll's ...
Registered in 0.003478 seconds.
Begin MonoManager ReloadAssembly
Symbol file LoadedFromMemory doesn't match image C:\Projects\ShapeMatcher\ShapeMatcherPrototype\ShapeMatch\Library\PackageCache\com.unity.visualscripting@1.7.6\Editor\VisualScripting.Core\Dependencies\YamlDotNet\Unity.VisualScripting.YamlDotNet.dll
Symbol file LoadedFromMemory doesn't match image C:\Projects\ShapeMatcher\ShapeMatcherPrototype\ShapeMatch\Library\PackageCache\com.unity.visualscripting@1.7.6\Editor\VisualScripting.Core\Dependencies\DotNetZip\Unity.VisualScripting.IonicZip.dll
Native extension for WindowsStandalone target not found
Native extension for iOS target not found
Native extension for Android target not found
Refreshing native plugins compatible for Editor in 0.48 ms, found 3 plugins.
Preloading 0 native plugins for Editor in 0.00 ms.
Mono: successfully reloaded assembly
- Completed reload, in  0.763 seconds
Domain Reload Profiling:
	ReloadAssembly (764ms)
		BeginReloadAssembly (98ms)
			ExecutionOrderSort (0ms)
			DisableScriptedObjects (3ms)
			BackupInstance (0ms)
			ReleaseScriptingObjects (0ms)
			CreateAndSetChildDomain (31ms)
		EndReloadAssembly (592ms)
			LoadAssemblies (61ms)
			RebuildTransferFunctionScriptingTraits (0ms)
			SetupTypeCache (202ms)
			ReleaseScriptCaches (1ms)
			RebuildScriptCaches (27ms)
			SetupLoadedEditorAssemblies (270ms)
				LogAssemblyErrors (0ms)
				InitializePlatformSupportModulesInManaged (23ms)
				SetLoadedEditorAssemblies (0ms)
				RefreshPlugins (1ms)
				BeforeProcessingInitializeOnLoad (54ms)
				ProcessInitializeOnLoadAttributes (166ms)
				ProcessInitializeOnLoadMethodAttributes (22ms)
				AfterProcessingInitializeOnLoad (4ms)
				EditorAssembliesLoaded (0ms)
			ExecutionOrderSort2 (0ms)
			AwakeInstancesAfterBackupRestoration (6ms)
Platform modules already initialized, skipping
Refreshing native plugins compatible for Editor in 1.38 ms, found 3 plugins.
Preloading 0 native plugins for Editor in 0.00 ms.
Unloading 3794 Unused Serialized files (Serialized files now loaded: 0)
Unloading 22 unused Assets / (24.8 KB). Loaded Objects now: 4302.
Memory consumption went from 148.3 MB to 148.3 MB.
Total: 2.096400 ms (FindLiveObjects: 0.217800 ms CreateObjectMapping: 0.111900 ms MarkObjects: 1.739700 ms  DeleteObjects: 0.025800 ms)

AssetImportParameters requested are different than current active one (requested -> active):
  custom:video-decoder-ogg-theora: a1e56fd34408186e4bbccfd4996cb3dc -> 
  custom:container-muxer-webm: aa71ff27fc2769a1b78a27578f13a17b -> 
  custom:container-demuxer-webm: 4f35f7cbe854078d1ac9338744f61a02 -> 
  custom:video-encoder-webm-vp8: eb34c28f22e8b96e1ab97ce403110664 -> 
  custom:audio-encoder-webm-vorbis: bf7c407c2cedff20999df2af8eb42d56 -> 
  custom:framework-win-MediaFoundation: 216162199b28c13a410421893ffa2e32 -> 
  custom:container-demuxer-ogg: 62fdf1f143b41e24485cea50d1cbac27 -> 
  custom:video-decoder-webm-vp8: 9c59270c3fd7afecdb556c50c9e8de78 -> 
  custom:audio-decoder-ogg-vorbis: bf7c407c2cedff20999df2af8eb42d56 -> 
========================================================================
Received Import Request.
  Time since last request: 28.312170 seconds.
  path: Assets/CuttOuts/Block/Cutout2.prefab
  artifactKey: Guid(952e63e6249f2694a8458c9b8eb765ef) Importer(815301076,1909f56bfc062723c751e8b465ee728b)
Start importing Assets/CuttOuts/Block/Cutout2.prefab using Guid(952e63e6249f2694a8458c9b8eb765ef) Importer(815301076,1909f56bfc062723c751e8b465ee728b)  -> (artifact id: '8941636ed893d57492f0ef2efde57c85') in 0.053483 seconds 
========================================================================
Received Import Request.
  Time since last request: 0.000018 seconds.
  path: Assets/CuttOuts/Block/Cutout6.prefab
  artifactKey: Guid(b5b85f46857fdb2469fb6240e4bd1739) Importer(815301076,1909f56bfc062723c751e8b465ee728b)
Start importing Assets/CuttOuts/Block/Cutout6.prefab using Guid(b5b85f46857fdb2469fb6240e4bd1739) Importer(815301076,1909f56bfc062723c751e8b465ee728b)  -> (artifact id: 'c642240304cbc1b2cc96cfbcef7d7e90') in 0.008550 seconds 
========================================================================
Received Import Request.
  Time since last request: 0.000020 seconds.
  path: Assets/CuttOuts/Block/Cutout12.prefab
  artifactKey: Guid(c00f963fb09ba184f8c6614c5feb1159) Importer(815301076,1909f56bfc062723c751e8b465ee728b)
Start importing Assets/CuttOuts/Block/Cutout12.prefab using Guid(c00f963fb09ba184f8c6614c5feb1159) Importer(815301076,1909f56bfc062723c751e8b465ee728b)  -> (artifact id: '58571ff000e460c006121d712d0b1af8') in 0.014211 seconds 
========================================================================
Received Import Request.
  Time since last request: 0.000032 seconds.
  path: Assets/CuttOuts/Block/Cutout8.prefab
  artifactKey: Guid(31f6a345382b2d142a53e117014cdb32) Importer(815301076,1909f56bfc062723c751e8b465ee728b)
Start importing Assets/CuttOuts/Block/Cutout8.prefab using Guid(31f6a345382b2d142a53e117014cdb32) Importer(815301076,1909f56bfc062723c751e8b465ee728b)  -> (artifact id: '015d3aede66f42ee249abe1555727440') in 0.007873 seconds 
========================================================================
Received Import Request.
  Time since last request: 0.000022 seconds.
  path: Assets/CuttOuts/Block/Cutout7.prefab
  artifactKey: Guid(b7bf541b29e7d894f8ecc55690f7ff63) Importer(815301076,1909f56bfc062723c751e8b465ee728b)
Start importing Assets/CuttOuts/Block/Cutout7.prefab using Guid(b7bf541b29e7d894f8ecc55690f7ff63) Importer(815301076,1909f56bfc062723c751e8b465ee728b)  -> (artifact id: '59ede1453a16fd44fd02a8b526bb71a4') in 0.008026 seconds 
========================================================================
Received Prepare
Registering precompiled user dll's ...
Registered in 0.004166 seconds.
Begin MonoManager ReloadAssembly
Symbol file LoadedFromMemory doesn't match image C:\Projects\ShapeMatcher\ShapeMatcherPrototype\ShapeMatch\Library\PackageCache\com.unity.visualscripting@1.7.6\Editor\VisualScripting.Core\Dependencies\YamlDotNet\Unity.VisualScripting.YamlDotNet.dll
Symbol file LoadedFromMemory doesn't match image C:\Projects\ShapeMatcher\ShapeMatcherPrototype\ShapeMatch\Library\PackageCache\com.unity.visualscripting@1.7.6\Editor\VisualScripting.Core\Dependencies\DotNetZip\Unity.VisualScripting.IonicZip.dll
Native extension for WindowsStandalone target not found
Native extension for iOS target not found
Native extension for Android target not found
Refreshing native plugins compatible for Editor in 0.49 ms, found 3 plugins.
Preloading 0 native plugins for Editor in 0.00 ms.
Mono: successfully reloaded assembly
- Completed reload, in  0.777 seconds
Domain Reload Profiling:
	ReloadAssembly (778ms)
		BeginReloadAssembly (94ms)
			ExecutionOrderSort (0ms)
			DisableScriptedObjects (3ms)
			BackupInstance (0ms)
			ReleaseScriptingObjects (0ms)
			CreateAndSetChildDomain (25ms)
		EndReloadAssembly (615ms)
			LoadAssemblies (56ms)
			RebuildTransferFunctionScriptingTraits (0ms)
			SetupTypeCache (197ms)
			ReleaseScriptCaches (1ms)
			RebuildScriptCaches (35ms)
			SetupLoadedEditorAssemblies (285ms)
				LogAssemblyErrors (0ms)
				InitializePlatformSupportModulesInManaged (26ms)
				SetLoadedEditorAssemblies (0ms)
				RefreshPlugins (1ms)
				BeforeProcessingInitializeOnLoad (55ms)
				ProcessInitializeOnLoadAttributes (177ms)
				ProcessInitializeOnLoadMethodAttributes (21ms)
				AfterProcessingInitializeOnLoad (5ms)
				EditorAssembliesLoaded (0ms)
			ExecutionOrderSort2 (0ms)
			AwakeInstancesAfterBackupRestoration (7ms)
Platform modules already initialized, skipping
Refreshing native plugins compatible for Editor in 1.43 ms, found 3 plugins.
Preloading 0 native plugins for Editor in 0.00 ms.
Unloading 3794 Unused Serialized files (Serialized files now loaded: 0)
Unloading 22 unused Assets / (24.7 KB). Loaded Objects now: 4306.
Memory consumption went from 148.3 MB to 148.3 MB.
Total: 2.437000 ms (FindLiveObjects: 0.315400 ms CreateObjectMapping: 0.205500 ms MarkObjects: 1.896600 ms  DeleteObjects: 0.018400 ms)

AssetImportParameters requested are different than current active one (requested -> active):
  custom:video-decoder-ogg-theora: a1e56fd34408186e4bbccfd4996cb3dc -> 
  custom:container-muxer-webm: aa71ff27fc2769a1b78a27578f13a17b -> 
  custom:container-demuxer-webm: 4f35f7cbe854078d1ac9338744f61a02 -> 
  custom:video-encoder-webm-vp8: eb34c28f22e8b96e1ab97ce403110664 -> 
  custom:audio-encoder-webm-vorbis: bf7c407c2cedff20999df2af8eb42d56 -> 
  custom:framework-win-MediaFoundation: 216162199b28c13a410421893ffa2e32 -> 
  custom:container-demuxer-ogg: 62fdf1f143b41e24485cea50d1cbac27 -> 
  custom:video-decoder-webm-vp8: 9c59270c3fd7afecdb556c50c9e8de78 -> 
  custom:audio-decoder-ogg-vorbis: bf7c407c2cedff20999df2af8eb42d56 -> 
========================================================================
Received Import Request.
  Time since last request: 41.449935 seconds.
  path: Assets/CuttOuts/Block/Test.prefab
  artifactKey: Guid(80a1d76c512531c4b800a689f63ec4f1) Importer(815301076,1909f56bfc062723c751e8b465ee728b)
Start importing Assets/CuttOuts/Block/Test.prefab using Guid(80a1d76c512531c4b800a689f63ec4f1) Importer(815301076,1909f56bfc062723c751e8b465ee728b)  -> (artifact id: 'adc1c8dfc557a75c443611f9ddf8c0f4') in 0.023729 seconds 
========================================================================
Received Prepare
Registering precompiled user dll's ...
Registered in 0.004062 seconds.
Begin MonoManager ReloadAssembly
Symbol file LoadedFromMemory doesn't match image C:\Projects\ShapeMatcher\ShapeMatcherPrototype\ShapeMatch\Library\PackageCache\com.unity.visualscripting@1.7.6\Editor\VisualScripting.Core\Dependencies\YamlDotNet\Unity.VisualScripting.YamlDotNet.dll
Symbol file LoadedFromMemory doesn't match image C:\Projects\ShapeMatcher\ShapeMatcherPrototype\ShapeMatch\Library\PackageCache\com.unity.visualscripting@1.7.6\Editor\VisualScripting.Core\Dependencies\DotNetZip\Unity.VisualScripting.IonicZip.dll
Native extension for WindowsStandalone target not found
Native extension for iOS target not found
Native extension for Android target not found
Refreshing native plugins compatible for Editor in 0.65 ms, found 3 plugins.
Preloading 0 native plugins for Editor in 0.00 ms.
Mono: successfully reloaded assembly
- Completed reload, in  0.819 seconds
Domain Reload Profiling:
	ReloadAssembly (820ms)
		BeginReloadAssembly (102ms)
			ExecutionOrderSort (0ms)
			DisableScriptedObjects (3ms)
			BackupInstance (0ms)
			ReleaseScriptingObjects (0ms)
			CreateAndSetChildDomain (27ms)
		EndReloadAssembly (638ms)
			LoadAssemblies (65ms)
			RebuildTransferFunctionScriptingTraits (0ms)
			SetupTypeCache (209ms)
			ReleaseScriptCaches (1ms)
			RebuildScriptCaches (34ms)
			SetupLoadedEditorAssemblies (291ms)
				LogAssemblyErrors (0ms)
				InitializePlatformSupportModulesInManaged (28ms)
				SetLoadedEditorAssemblies (0ms)
				RefreshPlugins (1ms)
				BeforeProcessingInitializeOnLoad (57ms)
				ProcessInitializeOnLoadAttributes (177ms)
				ProcessInitializeOnLoadMethodAttributes (23ms)
				AfterProcessingInitializeOnLoad (5ms)
				EditorAssembliesLoaded (0ms)
			ExecutionOrderSort2 (0ms)
			AwakeInstancesAfterBackupRestoration (7ms)
Platform modules already initialized, skipping
Refreshing native plugins compatible for Editor in 1.38 ms, found 3 plugins.
Preloading 0 native plugins for Editor in 0.00 ms.
Unloading 3794 Unused Serialized files (Serialized files now loaded: 0)
Unloading 22 unused Assets / (24.6 KB). Loaded Objects now: 4310.
Memory consumption went from 148.4 MB to 148.3 MB.
Total: 2.043600 ms (FindLiveObjects: 0.219200 ms CreateObjectMapping: 0.110000 ms MarkObjects: 1.699500 ms  DeleteObjects: 0.014200 ms)

AssetImportParameters requested are different than current active one (requested -> active):
  custom:video-decoder-ogg-theora: a1e56fd34408186e4bbccfd4996cb3dc -> 
  custom:container-muxer-webm: aa71ff27fc2769a1b78a27578f13a17b -> 
  custom:container-demuxer-webm: 4f35f7cbe854078d1ac9338744f61a02 -> 
  custom:video-encoder-webm-vp8: eb34c28f22e8b96e1ab97ce403110664 -> 
  custom:audio-encoder-webm-vorbis: bf7c407c2cedff20999df2af8eb42d56 -> 
  custom:framework-win-MediaFoundation: 216162199b28c13a410421893ffa2e32 -> 
  custom:container-demuxer-ogg: 62fdf1f143b41e24485cea50d1cbac27 -> 
  custom:video-decoder-webm-vp8: 9c59270c3fd7afecdb556c50c9e8de78 -> 
  custom:audio-decoder-ogg-vorbis: bf7c407c2cedff20999df2af8eb42d56 -> 
========================================================================
Received Prepare
Registering precompiled user dll's ...
Registered in 0.003663 seconds.
Begin MonoManager ReloadAssembly
Symbol file LoadedFromMemory doesn't match image C:\Projects\ShapeMatcher\ShapeMatcherPrototype\ShapeMatch\Library\PackageCache\com.unity.visualscripting@1.7.6\Editor\VisualScripting.Core\Dependencies\YamlDotNet\Unity.VisualScripting.YamlDotNet.dll
Symbol file LoadedFromMemory doesn't match image C:\Projects\ShapeMatcher\ShapeMatcherPrototype\ShapeMatch\Library\PackageCache\com.unity.visualscripting@1.7.6\Editor\VisualScripting.Core\Dependencies\DotNetZip\Unity.VisualScripting.IonicZip.dll
Native extension for WindowsStandalone target not found
Native extension for iOS target not found
Native extension for Android target not found
Refreshing native plugins compatible for Editor in 0.79 ms, found 3 plugins.
Preloading 0 native plugins for Editor in 0.00 ms.
Error saving file Library/StateCache/LayerSettings/9e/9ecc5c3c162a7aba29bafa64c8b94b7c.json. Error: System.IO.IOException: Sharing violation on path C:\Projects\ShapeMatcher\ShapeMatcherPrototype\ShapeMatch\Library\StateCache\LayerSettings\9e\9ecc5c3c162a7aba29bafa64c8b94b7c.json
  at System.IO.FileStream..ctor (System.String path, System.IO.FileMode mode, System.IO.FileAccess access, System.IO.FileShare share, System.Int32 bufferSize, System.Boolean anonymous, System.IO.FileOptions options) [0x0019e] in <6073cf49ed704e958b8a66d540dea948>:0 
  at System.IO.FileStream..ctor (System.String path, System.IO.FileMode mode, System.IO.FileAccess access, System.IO.FileShare share, System.Int32 bufferSize, System.IO.FileOptions options) [0x00000] in <6073cf49ed704e958b8a66d540dea948>:0 
  at (wrapper remoting-invoke-with-check) System.IO.FileStream..ctor(string,System.IO.FileMode,System.IO.FileAccess,System.IO.FileShare,int,System.IO.FileOptions)
  at System.IO.StreamWriter..ctor (System.String path, System.Boolean append, System.Text.Encoding encoding, System.Int32 bufferSize) [0x00055] in <6073cf49ed704e958b8a66d540dea948>:0 
  at System.IO.StreamWriter..ctor (System.String path, System.Boolean append, System.Text.Encoding encoding) [0x00000] in <6073cf49ed704e958b8a66d540dea948>:0 
  at (wrapper remoting-invoke-with-check) System.IO.StreamWriter..ctor(string,bool,System.Text.Encoding)
  at System.IO.File.WriteAllText (System.String path, System.String contents, System.Text.Encoding encoding) [0x00034] in <6073cf49ed704e958b8a66d540dea948>:0 
  at UnityEditor.StateCache`1[T].SetState (UnityEngine.Hash128 key, T obj) [0x0004b] in <a017e354f3154926a5617fbac3a64fcc>:0 
UnityEngine.StackTraceUtility:ExtractStackTrace ()
UnityEngine.DebugLogHandler:LogFormat (UnityEngine.LogType,UnityEngine.Object,string,object[])
UnityEngine.Logger:Log (UnityEngine.LogType,object)
UnityEngine.Debug:LogError (object)
UnityEditor.StateCache`1<UnityEditor.Tools/LayerSettings>:SetState (UnityEngine.Hash128,UnityEditor.Tools/LayerSettings)
UnityEditor.Tools:set_lockedLayers (int)
UnityEditor.Tools:OnEnable ()
UnityEngine.ScriptableObject:CreateInstance (System.Type)
UnityEngine.ScriptableObject:CreateInstance<UnityEditor.Tools> ()
UnityEditor.Tools:get_get ()
UnityEditor.Tools:get_visibleLayers ()
UnityEditor.Animations.Rigging.BoneRendererUtils:.cctor () (at Library/PackageCache/com.unity.animation.rigging@1.1.1/Editor/Utils/BoneRendererUtils.cs:121)
System.Runtime.CompilerServices.RuntimeHelpers:RunClassConstructor (System.RuntimeTypeHandle)
UnityEditor.EditorAssemblies:ProcessInitializeOnLoadAttributes (System.Type[])

(Filename: Library/PackageCache/com.unity.animation.rigging@1.1.1/Editor/Utils/BoneRendererUtils.cs Line: 121)

Mono: successfully reloaded assembly
- Completed reload, in  0.830 seconds
Domain Reload Profiling:
	ReloadAssembly (830ms)
		BeginReloadAssembly (104ms)
			ExecutionOrderSort (0ms)
			DisableScriptedObjects (4ms)
			BackupInstance (0ms)
			ReleaseScriptingObjects (0ms)
			CreateAndSetChildDomain (27ms)
		EndReloadAssembly (652ms)
			LoadAssemblies (66ms)
			RebuildTransferFunctionScriptingTraits (0ms)
			SetupTypeCache (206ms)
			ReleaseScriptCaches (1ms)
			RebuildScriptCaches (36ms)
			SetupLoadedEditorAssemblies (300ms)
				LogAssemblyErrors (0ms)
				InitializePlatformSupportModulesInManaged (27ms)
				SetLoadedEditorAssemblies (1ms)
				RefreshPlugins (1ms)
				BeforeProcessingInitializeOnLoad (58ms)
				ProcessInitializeOnLoadAttributes (185ms)
				ProcessInitializeOnLoadMethodAttributes (23ms)
				AfterProcessingInitializeOnLoad (6ms)
				EditorAssembliesLoaded (0ms)
			ExecutionOrderSort2 (0ms)
			AwakeInstancesAfterBackupRestoration (10ms)
Platform modules already initialized, skipping
Refreshing native plugins compatible for Editor in 1.75 ms, found 3 plugins.
Preloading 0 native plugins for Editor in 0.00 ms.
Unloading 3794 Unused Serialized files (Serialized files now loaded: 0)
Unloading 22 unused Assets / (24.7 KB). Loaded Objects now: 4314.
Memory consumption went from 148.4 MB to 148.3 MB.
Total: 2.479100 ms (FindLiveObjects: 0.222100 ms CreateObjectMapping: 0.153100 ms MarkObjects: 2.082900 ms  DeleteObjects: 0.020200 ms)

AssetImportParameters requested are different than current active one (requested -> active):
  custom:video-decoder-ogg-theora: a1e56fd34408186e4bbccfd4996cb3dc -> 
  custom:container-muxer-webm: aa71ff27fc2769a1b78a27578f13a17b -> 
  custom:container-demuxer-webm: 4f35f7cbe854078d1ac9338744f61a02 -> 
  custom:video-encoder-webm-vp8: eb34c28f22e8b96e1ab97ce403110664 -> 
  custom:audio-encoder-webm-vorbis: bf7c407c2cedff20999df2af8eb42d56 -> 
  custom:framework-win-MediaFoundation: 216162199b28c13a410421893ffa2e32 -> 
  custom:container-demuxer-ogg: 62fdf1f143b41e24485cea50d1cbac27 -> 
  custom:video-decoder-webm-vp8: 9c59270c3fd7afecdb556c50c9e8de78 -> 
  custom:audio-decoder-ogg-vorbis: bf7c407c2cedff20999df2af8eb42d56 -> 
========================================================================
Received Prepare
Registering precompiled user dll's ...
Registered in 0.005340 seconds.
Begin MonoManager ReloadAssembly
Symbol file LoadedFromMemory doesn't match image C:\Projects\ShapeMatcher\ShapeMatcherPrototype\ShapeMatch\Library\PackageCache\com.unity.visualscripting@1.7.6\Editor\VisualScripting.Core\Dependencies\YamlDotNet\Unity.VisualScripting.YamlDotNet.dll
Symbol file LoadedFromMemory doesn't match image C:\Projects\ShapeMatcher\ShapeMatcherPrototype\ShapeMatch\Library\PackageCache\com.unity.visualscripting@1.7.6\Editor\VisualScripting.Core\Dependencies\DotNetZip\Unity.VisualScripting.IonicZip.dll
Native extension for WindowsStandalone target not found
Native extension for iOS target not found
Native extension for Android target not found
Refreshing native plugins compatible for Editor in 0.48 ms, found 3 plugins.
Preloading 0 native plugins for Editor in 0.00 ms.
Mono: successfully reloaded assembly
- Completed reload, in  0.782 seconds
Domain Reload Profiling:
	ReloadAssembly (783ms)
		BeginReloadAssembly (96ms)
			ExecutionOrderSort (0ms)
			DisableScriptedObjects (4ms)
			BackupInstance (0ms)
			ReleaseScriptingObjects (0ms)
			CreateAndSetChildDomain (23ms)
		EndReloadAssembly (620ms)
			LoadAssemblies (55ms)
			RebuildTransferFunctionScriptingTraits (0ms)
			SetupTypeCache (209ms)
			ReleaseScriptCaches (1ms)
			RebuildScriptCaches (36ms)
			SetupLoadedEditorAssemblies (270ms)
				LogAssemblyErrors (0ms)
				InitializePlatformSupportModulesInManaged (24ms)
				SetLoadedEditorAssemblies (0ms)
				RefreshPlugins (1ms)
				BeforeProcessingInitializeOnLoad (53ms)
				ProcessInitializeOnLoadAttributes (167ms)
				ProcessInitializeOnLoadMethodAttributes (21ms)
				AfterProcessingInitializeOnLoad (5ms)
				EditorAssembliesLoaded (0ms)
			ExecutionOrderSort2 (0ms)
			AwakeInstancesAfterBackupRestoration (8ms)
Platform modules already initialized, skipping
Refreshing native plugins compatible for Editor in 1.30 ms, found 3 plugins.
Preloading 0 native plugins for Editor in 0.00 ms.
Unloading 3794 Unused Serialized files (Serialized files now loaded: 0)
Unloading 22 unused Assets / (24.6 KB). Loaded Objects now: 4318.
Memory consumption went from 148.4 MB to 148.4 MB.
Total: 2.050700 ms (FindLiveObjects: 0.210100 ms CreateObjectMapping: 0.111200 ms MarkObjects: 1.715200 ms  DeleteObjects: 0.013300 ms)

AssetImportParameters requested are different than current active one (requested -> active):
  custom:video-decoder-ogg-theora: a1e56fd34408186e4bbccfd4996cb3dc -> 
  custom:container-muxer-webm: aa71ff27fc2769a1b78a27578f13a17b -> 
  custom:container-demuxer-webm: 4f35f7cbe854078d1ac9338744f61a02 -> 
  custom:video-encoder-webm-vp8: eb34c28f22e8b96e1ab97ce403110664 -> 
  custom:audio-encoder-webm-vorbis: bf7c407c2cedff20999df2af8eb42d56 -> 
  custom:framework-win-MediaFoundation: 216162199b28c13a410421893ffa2e32 -> 
  custom:container-demuxer-ogg: 62fdf1f143b41e24485cea50d1cbac27 -> 
  custom:video-decoder-webm-vp8: 9c59270c3fd7afecdb556c50c9e8de78 -> 
  custom:audio-decoder-ogg-vorbis: bf7c407c2cedff20999df2af8eb42d56 -> 
========================================================================
Received Prepare
Registering precompiled user dll's ...
Registered in 0.004870 seconds.
Begin MonoManager ReloadAssembly
Symbol file LoadedFromMemory doesn't match image C:\Projects\ShapeMatcher\ShapeMatcherPrototype\ShapeMatch\Library\PackageCache\com.unity.visualscripting@1.7.6\Editor\VisualScripting.Core\Dependencies\YamlDotNet\Unity.VisualScripting.YamlDotNet.dll
Symbol file LoadedFromMemory doesn't match image C:\Projects\ShapeMatcher\ShapeMatcherPrototype\ShapeMatch\Library\PackageCache\com.unity.visualscripting@1.7.6\Editor\VisualScripting.Core\Dependencies\DotNetZip\Unity.VisualScripting.IonicZip.dll
Native extension for WindowsStandalone target not found
Native extension for iOS target not found
Native extension for Android target not found
Refreshing native plugins compatible for Editor in 0.48 ms, found 3 plugins.
Preloading 0 native plugins for Editor in 0.00 ms.
Mono: successfully reloaded assembly
- Completed reload, in  0.758 seconds
Domain Reload Profiling:
	ReloadAssembly (759ms)
		BeginReloadAssembly (98ms)
			ExecutionOrderSort (0ms)
			DisableScriptedObjects (6ms)
			BackupInstance (0ms)
			ReleaseScriptingObjects (0ms)
			CreateAndSetChildDomain (26ms)
		EndReloadAssembly (594ms)
			LoadAssemblies (56ms)
			RebuildTransferFunctionScriptingTraits (0ms)
			SetupTypeCache (191ms)
			ReleaseScriptCaches (1ms)
			RebuildScriptCaches (32ms)
			SetupLoadedEditorAssemblies (274ms)
				LogAssemblyErrors (0ms)
				InitializePlatformSupportModulesInManaged (24ms)
				SetLoadedEditorAssemblies (0ms)
				RefreshPlugins (1ms)
				BeforeProcessingInitializeOnLoad (54ms)
				ProcessInitializeOnLoadAttributes (166ms)
				ProcessInitializeOnLoadMethodAttributes (24ms)
				AfterProcessingInitializeOnLoad (5ms)
				EditorAssembliesLoaded (0ms)
			ExecutionOrderSort2 (0ms)
			AwakeInstancesAfterBackupRestoration (7ms)
Platform modules already initialized, skipping
Refreshing native plugins compatible for Editor in 1.63 ms, found 3 plugins.
Preloading 0 native plugins for Editor in 0.00 ms.
Unloading 3794 Unused Serialized files (Serialized files now loaded: 0)
Unloading 22 unused Assets / (24.6 KB). Loaded Objects now: 4322.
Memory consumption went from 148.4 MB to 148.4 MB.
Total: 2.106900 ms (FindLiveObjects: 0.240300 ms CreateObjectMapping: 0.156700 ms MarkObjects: 1.693800 ms  DeleteObjects: 0.015300 ms)

AssetImportParameters requested are different than current active one (requested -> active):
  custom:video-decoder-ogg-theora: a1e56fd34408186e4bbccfd4996cb3dc -> 
  custom:container-muxer-webm: aa71ff27fc2769a1b78a27578f13a17b -> 
  custom:container-demuxer-webm: 4f35f7cbe854078d1ac9338744f61a02 -> 
  custom:video-encoder-webm-vp8: eb34c28f22e8b96e1ab97ce403110664 -> 
  custom:audio-encoder-webm-vorbis: bf7c407c2cedff20999df2af8eb42d56 -> 
  custom:framework-win-MediaFoundation: 216162199b28c13a410421893ffa2e32 -> 
  custom:container-demuxer-ogg: 62fdf1f143b41e24485cea50d1cbac27 -> 
  custom:video-decoder-webm-vp8: 9c59270c3fd7afecdb556c50c9e8de78 -> 
  custom:audio-decoder-ogg-vorbis: bf7c407c2cedff20999df2af8eb42d56 -> 
