Using pre-set license
Built from '2021.3/staging' branch; Version is '2021.3.2f1 (d6360bedb9a0) revision 14038539'; Using compiler version '192829333'; Build Type 'Release'
OS: 'Windows 10  (10.0.19043) 64bit Professional' Language: 'en' Physical Memory: 7530 MB
BatchMode: 1, IsHumanControllingUs: 0, StartBugReporterOnCrash: 0, Is64bit: 1, IsPro: 1

COMMAND LINE ARGUMENTS:
C:\Program Files\Unity\Hub\Editor\2021.3.2f1\Editor\Unity.exe
-adb2
-batchMode
-noUpm
-name
AssetImportWorker2
-projectPath
C:/Users/lazar/Documents/GitHub/ShapeMatcherPrototype/ShapeMatch
-logFile
Logs/AssetImportWorker2.log
-srvPort
52658
Successfully changed project path to: C:/Users/lazar/Documents/GitHub/ShapeMatcherPrototype/ShapeMatch
C:/Users/lazar/Documents/GitHub/ShapeMatcherPrototype/ShapeMatch
[UnityMemory] Configuration Parameters - Can be set up in boot.config
    "memorysetup-bucket-allocator-granularity=16"
    "memorysetup-bucket-allocator-bucket-count=8"
    "memorysetup-bucket-allocator-block-size=33554432"
    "memorysetup-bucket-allocator-block-count=8"
    "memorysetup-main-allocator-block-size=16777216"
    "memorysetup-thread-allocator-block-size=16777216"
    "memorysetup-gfx-main-allocator-block-size=16777216"
    "memorysetup-gfx-thread-allocator-block-size=16777216"
    "memorysetup-cache-allocator-block-size=4194304"
    "memorysetup-typetree-allocator-block-size=2097152"
    "memorysetup-profiler-bucket-allocator-granularity=16"
    "memorysetup-profiler-bucket-allocator-bucket-count=8"
    "memorysetup-profiler-bucket-allocator-block-size=33554432"
    "memorysetup-profiler-bucket-allocator-block-count=8"
    "memorysetup-profiler-allocator-block-size=16777216"
    "memorysetup-profiler-editor-allocator-block-size=1048576"
    "memorysetup-temp-allocator-size-main=16777216"
    "memorysetup-job-temp-allocator-block-size=2097152"
    "memorysetup-job-temp-allocator-block-size-background=1048576"
    "memorysetup-job-temp-allocator-reduction-small-platforms=262144"
    "memorysetup-temp-allocator-size-background-worker=32768"
    "memorysetup-temp-allocator-size-job-worker=262144"
    "memorysetup-temp-allocator-size-preload-manager=33554432"
    "memorysetup-temp-allocator-size-nav-mesh-worker=65536"
    "memorysetup-temp-allocator-size-audio-worker=65536"
    "memorysetup-temp-allocator-size-cloud-worker=32768"
    "memorysetup-temp-allocator-size-gi-baking-worker=262144"
    "memorysetup-temp-allocator-size-gfx=262144"
Refreshing native plugins compatible for Editor in 102.26 ms, found 3 plugins.
Preloading 0 native plugins for Editor in 0.00 ms.
Initialize engine version: 2021.3.2f1 (d6360bedb9a0)
[Subsystems] Discovering subsystems at path C:/Program Files/Unity/Hub/Editor/2021.3.2f1/Editor/Data/Resources/UnitySubsystems
[Subsystems] Discovering subsystems at path C:/Users/lazar/Documents/GitHub/ShapeMatcherPrototype/ShapeMatch/Assets
GfxDevice: creating device client; threaded=0; jobified=0
Direct3D:
    Version:  Direct3D 11.0 [level 11.1]
    Renderer: AMD Radeon(TM) Graphics (ID=0x164c)
    Vendor:   ATI
    VRAM:     3765 MB
    Driver:   27.20.21030.8001
Initialize mono
Mono path[0] = 'C:/Program Files/Unity/Hub/Editor/2021.3.2f1/Editor/Data/Managed'
Mono path[1] = 'C:/Program Files/Unity/Hub/Editor/2021.3.2f1/Editor/Data/MonoBleedingEdge/lib/mono/unityjit-win32'
Mono config path = 'C:/Program Files/Unity/Hub/Editor/2021.3.2f1/Editor/Data/MonoBleedingEdge/etc'
Using monoOptions --debugger-agent=transport=dt_socket,embedding=1,server=y,suspend=n,address=127.0.0.1:56380
Begin MonoManager ReloadAssembly
Registering precompiled unity dll's ...
Register platform support module: C:/Program Files/Unity/Hub/Editor/2021.3.2f1/Editor/Data/PlaybackEngines/AndroidPlayer/UnityEditor.Android.Extensions.dll
Register platform support module: C:/Program Files/Unity/Hub/Editor/2021.3.2f1/Editor/Data/PlaybackEngines/iOSSupport/UnityEditor.iOS.Extensions.dll
Register platform support module: C:/Program Files/Unity/Hub/Editor/2021.3.2f1/Editor/Data/PlaybackEngines/WindowsStandaloneSupport/UnityEditor.WindowsStandalone.Extensions.dll
Registered in 0.009651 seconds.
Native extension for WindowsStandalone target not found
[usbmuxd] Start listen thread
[usbmuxd] Listen thread started
Native extension for iOS target not found
Native extension for Android target not found
Refreshing native plugins compatible for Editor in 95.82 ms, found 3 plugins.
Preloading 0 native plugins for Editor in 0.00 ms.
Mono: successfully reloaded assembly
- Completed reload, in  0.801 seconds
Domain Reload Profiling:
	ReloadAssembly (801ms)
		BeginReloadAssembly (104ms)
			ExecutionOrderSort (0ms)
			DisableScriptedObjects (0ms)
			BackupInstance (0ms)
			ReleaseScriptingObjects (0ms)
			CreateAndSetChildDomain (1ms)
		EndReloadAssembly (559ms)
			LoadAssemblies (101ms)
			RebuildTransferFunctionScriptingTraits (0ms)
			SetupTypeCache (124ms)
			ReleaseScriptCaches (0ms)
			RebuildScriptCaches (34ms)
			SetupLoadedEditorAssemblies (342ms)
				LogAssemblyErrors (0ms)
				InitializePlatformSupportModulesInManaged (81ms)
				SetLoadedEditorAssemblies (0ms)
				RefreshPlugins (96ms)
				BeforeProcessingInitializeOnLoad (2ms)
				ProcessInitializeOnLoadAttributes (113ms)
				ProcessInitializeOnLoadMethodAttributes (50ms)
				AfterProcessingInitializeOnLoad (0ms)
				EditorAssembliesLoaded (0ms)
			ExecutionOrderSort2 (0ms)
			AwakeInstancesAfterBackupRestoration (0ms)
Platform modules already initialized, skipping
Registering precompiled user dll's ...
Registered in 0.008531 seconds.
Begin MonoManager ReloadAssembly
Symbol file LoadedFromMemory doesn't match image C:\Users\lazar\Documents\GitHub\ShapeMatcherPrototype\ShapeMatch\Library\PackageCache\com.unity.visualscripting@1.7.6\Editor\VisualScripting.Core\Dependencies\YamlDotNet\Unity.VisualScripting.YamlDotNet.dll
Symbol file LoadedFromMemory doesn't match image C:\Users\lazar\Documents\GitHub\ShapeMatcherPrototype\ShapeMatch\Library\PackageCache\com.unity.visualscripting@1.7.6\Editor\VisualScripting.Core\Dependencies\DotNetZip\Unity.VisualScripting.IonicZip.dll
Native extension for WindowsStandalone target not found
Native extension for iOS target not found
Native extension for Android target not found
Refreshing native plugins compatible for Editor in 0.82 ms, found 3 plugins.
Preloading 0 native plugins for Editor in 0.00 ms.
Error saving file Library/StateCache/LayerSettings/9e/9ecc5c3c162a7aba29bafa64c8b94b7c.json. Error: System.IO.IOException: Sharing violation on path C:\Users\lazar\Documents\GitHub\ShapeMatcherPrototype\ShapeMatch\Library\StateCache\LayerSettings\9e\9ecc5c3c162a7aba29bafa64c8b94b7c.json
  at System.IO.FileStream..ctor (System.String path, System.IO.FileMode mode, System.IO.FileAccess access, System.IO.FileShare share, System.Int32 bufferSize, System.Boolean anonymous, System.IO.FileOptions options) [0x0019e] in <6073cf49ed704e958b8a66d540dea948>:0 
  at System.IO.FileStream..ctor (System.String path, System.IO.FileMode mode, System.IO.FileAccess access, System.IO.FileShare share, System.Int32 bufferSize, System.IO.FileOptions options) [0x00000] in <6073cf49ed704e958b8a66d540dea948>:0 
  at (wrapper remoting-invoke-with-check) System.IO.FileStream..ctor(string,System.IO.FileMode,System.IO.FileAccess,System.IO.FileShare,int,System.IO.FileOptions)
  at System.IO.StreamWriter..ctor (System.String path, System.Boolean append, System.Text.Encoding encoding, System.Int32 bufferSize) [0x00055] in <6073cf49ed704e958b8a66d540dea948>:0 
  at System.IO.StreamWriter..ctor (System.String path, System.Boolean append, System.Text.Encoding encoding) [0x00000] in <6073cf49ed704e958b8a66d540dea948>:0 
  at (wrapper remoting-invoke-with-check) System.IO.StreamWriter..ctor(string,bool,System.Text.Encoding)
  at System.IO.File.WriteAllText (System.String path, System.String contents, System.Text.Encoding encoding) [0x00034] in <6073cf49ed704e958b8a66d540dea948>:0 
  at UnityEditor.StateCache`1[T].SetState (UnityEngine.Hash128 key, T obj) [0x0004b] in <a017e354f3154926a5617fbac3a64fcc>:0 
UnityEngine.StackTraceUtility:ExtractStackTrace ()
UnityEngine.DebugLogHandler:LogFormat (UnityEngine.LogType,UnityEngine.Object,string,object[])
UnityEngine.Logger:Log (UnityEngine.LogType,object)
UnityEngine.Debug:LogError (object)
UnityEditor.StateCache`1<UnityEditor.Tools/LayerSettings>:SetState (UnityEngine.Hash128,UnityEditor.Tools/LayerSettings)
UnityEditor.Tools:set_lockedLayers (int)
UnityEditor.Tools:OnEnable ()
UnityEngine.ScriptableObject:CreateInstance (System.Type)
UnityEngine.ScriptableObject:CreateInstance<UnityEditor.Tools> ()
UnityEditor.Tools:get_get ()
UnityEditor.Tools:get_visibleLayers ()
UnityEditor.Animations.Rigging.BoneRendererUtils:.cctor () (at Library/PackageCache/com.unity.animation.rigging@1.1.1/Editor/Utils/BoneRendererUtils.cs:121)
System.Runtime.CompilerServices.RuntimeHelpers:RunClassConstructor (System.RuntimeTypeHandle)
UnityEditor.EditorAssemblies:ProcessInitializeOnLoadAttributes (System.Type[])

(Filename: Library/PackageCache/com.unity.animation.rigging@1.1.1/Editor/Utils/BoneRendererUtils.cs Line: 121)

Mono: successfully reloaded assembly
- Completed reload, in  1.420 seconds
Domain Reload Profiling:
	ReloadAssembly (1421ms)
		BeginReloadAssembly (246ms)
			ExecutionOrderSort (0ms)
			DisableScriptedObjects (9ms)
			BackupInstance (0ms)
			ReleaseScriptingObjects (0ms)
			CreateAndSetChildDomain (136ms)
		EndReloadAssembly (1042ms)
			LoadAssemblies (144ms)
			RebuildTransferFunctionScriptingTraits (0ms)
			SetupTypeCache (318ms)
			ReleaseScriptCaches (1ms)
			RebuildScriptCaches (58ms)
			SetupLoadedEditorAssemblies (473ms)
				LogAssemblyErrors (0ms)
				InitializePlatformSupportModulesInManaged (30ms)
				SetLoadedEditorAssemblies (1ms)
				RefreshPlugins (1ms)
				BeforeProcessingInitializeOnLoad (108ms)
				ProcessInitializeOnLoadAttributes (289ms)
				ProcessInitializeOnLoadMethodAttributes (35ms)
				AfterProcessingInitializeOnLoad (9ms)
				EditorAssembliesLoaded (0ms)
			ExecutionOrderSort2 (0ms)
			AwakeInstancesAfterBackupRestoration (7ms)
Platform modules already initialized, skipping
========================================================================
Worker process is ready to serve import requests
Launched and connected shader compiler UnityShaderCompiler.exe after 0.09 seconds
Refreshing native plugins compatible for Editor in 0.73 ms, found 3 plugins.
Preloading 0 native plugins for Editor in 0.00 ms.
Unloading 3813 Unused Serialized files (Serialized files now loaded: 0)
Unloading 29 unused Assets / (55.7 KB). Loaded Objects now: 4270.
Memory consumption went from 145.2 MB to 145.1 MB.
Total: 4.584600 ms (FindLiveObjects: 0.407800 ms CreateObjectMapping: 0.134500 ms MarkObjects: 3.859100 ms  DeleteObjects: 0.181000 ms)

AssetImportParameters requested are different than current active one (requested -> active):
  custom:video-decoder-ogg-theora: a1e56fd34408186e4bbccfd4996cb3dc -> 
  custom:container-muxer-webm: aa71ff27fc2769a1b78a27578f13a17b -> 
  custom:container-demuxer-webm: 4f35f7cbe854078d1ac9338744f61a02 -> 
  custom:video-encoder-webm-vp8: eb34c28f22e8b96e1ab97ce403110664 -> 
  custom:audio-encoder-webm-vorbis: bf7c407c2cedff20999df2af8eb42d56 -> 
  custom:framework-win-MediaFoundation: 216162199b28c13a410421893ffa2e32 -> 
  custom:container-demuxer-ogg: 62fdf1f143b41e24485cea50d1cbac27 -> 
  custom:video-decoder-webm-vp8: 9c59270c3fd7afecdb556c50c9e8de78 -> 
  custom:audio-decoder-ogg-vorbis: bf7c407c2cedff20999df2af8eb42d56 -> 
========================================================================
Received Import Request.
  Time since last request: 89416.234162 seconds.
  path: Assets/Models/CuttoutsBlocks
  artifactKey: Guid(6dbb8d56ae1355e47b2a0b10c1d4f182) Importer(815301076,1909f56bfc062723c751e8b465ee728b)
Start importing Assets/Models/CuttoutsBlocks using Guid(6dbb8d56ae1355e47b2a0b10c1d4f182) Importer(815301076,1909f56bfc062723c751e8b465ee728b)  -> (artifact id: 'a7218dead14d6e7244df2e20b69a643b') in 0.023059 seconds 
========================================================================
Received Import Request.
  Time since last request: 39.861534 seconds.
  path: Assets/Models/CuttoutsBlocks/BlockTposeRightLegUp.fbx
  artifactKey: Guid(226b9e1628de05446859763e87f52283) Importer(815301076,1909f56bfc062723c751e8b465ee728b)
Start importing Assets/Models/CuttoutsBlocks/BlockTposeRightLegUp.fbx using Guid(226b9e1628de05446859763e87f52283) Importer(815301076,1909f56bfc062723c751e8b465ee728b)  -> (artifact id: '8b1e1bd512af617a44ed28019a26895e') in 0.269075 seconds 
========================================================================
Received Import Request.
  Time since last request: 0.000059 seconds.
  path: Assets/Models/CuttoutsBlocks/BlockTposeLeftLegUp.fbx
  artifactKey: Guid(0d5f2e49c01d6984ea99d6989947a213) Importer(815301076,1909f56bfc062723c751e8b465ee728b)
Start importing Assets/Models/CuttoutsBlocks/BlockTposeLeftLegUp.fbx using Guid(0d5f2e49c01d6984ea99d6989947a213) Importer(815301076,1909f56bfc062723c751e8b465ee728b)  -> (artifact id: '47f1808c6d00122c0263ea5deadc899d') in 0.050877 seconds 
========================================================================
Received Import Request.
  Time since last request: 0.000162 seconds.
  path: Assets/Models/CuttoutsBlocks/BlockRightArmUpLegsSpread.fbx
  artifactKey: Guid(3a5d20630b25d88479227bf83a47f567) Importer(815301076,1909f56bfc062723c751e8b465ee728b)
Start importing Assets/Models/CuttoutsBlocks/BlockRightArmUpLegsSpread.fbx using Guid(3a5d20630b25d88479227bf83a47f567) Importer(815301076,1909f56bfc062723c751e8b465ee728b)  -> (artifact id: '8f3c44c58b43ff206ad6e226192305de') in 0.078825 seconds 
========================================================================
Received Import Request.
  Time since last request: 0.000043 seconds.
  path: Assets/Models/CuttoutsBlocks/BlockTpose.fbx
  artifactKey: Guid(3159f84cccabae04dae32cf2b72b231e) Importer(815301076,1909f56bfc062723c751e8b465ee728b)
Start importing Assets/Models/CuttoutsBlocks/BlockTpose.fbx using Guid(3159f84cccabae04dae32cf2b72b231e) Importer(815301076,1909f56bfc062723c751e8b465ee728b)  -> (artifact id: '1146a2ae6352f660099e1e0289be5f1e') in 0.045509 seconds 
========================================================================
Received Import Request.
  Time since last request: 0.000062 seconds.
  path: Assets/Models/CuttoutsBlocks/BlockTposeLegsSpread.fbx
  artifactKey: Guid(c098edc6ee3f2db4ea33a1fa8c70ee14) Importer(815301076,1909f56bfc062723c751e8b465ee728b)
Start importing Assets/Models/CuttoutsBlocks/BlockTposeLegsSpread.fbx using Guid(c098edc6ee3f2db4ea33a1fa8c70ee14) Importer(815301076,1909f56bfc062723c751e8b465ee728b)  -> (artifact id: '27a3ce23599f7847fea3e8eaaa81a3a8') in 0.043305 seconds 
========================================================================
Received Import Request.
  Time since last request: 0.000056 seconds.
  path: Assets/Models/CuttoutsBlocks/BlockLeftArmUp.fbx
  artifactKey: Guid(1b2ccf18b2246604993275c00e48c1e8) Importer(815301076,1909f56bfc062723c751e8b465ee728b)
Start importing Assets/Models/CuttoutsBlocks/BlockLeftArmUp.fbx using Guid(1b2ccf18b2246604993275c00e48c1e8) Importer(815301076,1909f56bfc062723c751e8b465ee728b)  -> (artifact id: '19d625b0ccd426520137fcab81306195') in 0.046485 seconds 
========================================================================
Received Import Request.
  Time since last request: 43.432049 seconds.
  path: Assets/Models/CuttoutsOutline/OutlineArmsDown.fbx
  artifactKey: Guid(5dd1c83d528462e4da13b406005e5cb9) Importer(815301076,1909f56bfc062723c751e8b465ee728b)
Start importing Assets/Models/CuttoutsOutline/OutlineArmsDown.fbx using Guid(5dd1c83d528462e4da13b406005e5cb9) Importer(815301076,1909f56bfc062723c751e8b465ee728b)  -> (artifact id: 'a446beba971ee3894b6b0d060eb5ab87') in 0.053571 seconds 
========================================================================
Received Import Request.
  Time since last request: 0.000059 seconds.
  path: Assets/Models/CuttoutsOutline/OutlineLeftArmUpLegsSpread.fbx
  artifactKey: Guid(110aef6c2dd10af4d93cb35e5bb64b2d) Importer(815301076,1909f56bfc062723c751e8b465ee728b)
Start importing Assets/Models/CuttoutsOutline/OutlineLeftArmUpLegsSpread.fbx using Guid(110aef6c2dd10af4d93cb35e5bb64b2d) Importer(815301076,1909f56bfc062723c751e8b465ee728b)  -> (artifact id: '8c8af4469e3e1b7020a11c72dbd8a935') in 0.044291 seconds 
========================================================================
Received Import Request.
  Time since last request: 0.000089 seconds.
  path: Assets/Models/CuttoutsOutline/OutlineTposeLegsSpread.fbx
  artifactKey: Guid(fc83a98f147c6ef468c8855933c403e5) Importer(815301076,1909f56bfc062723c751e8b465ee728b)
Start importing Assets/Models/CuttoutsOutline/OutlineTposeLegsSpread.fbx using Guid(fc83a98f147c6ef468c8855933c403e5) Importer(815301076,1909f56bfc062723c751e8b465ee728b)  -> (artifact id: '39b33a0b085ec919ba9f3e01d1b5a334') in 0.051611 seconds 
========================================================================
Received Import Request.
  Time since last request: 0.000067 seconds.
  path: Assets/Models/CuttoutsOutline/OutlineTpose.fbx
  artifactKey: Guid(83878939ce42d6d43b1a1d2d6e0468f4) Importer(815301076,1909f56bfc062723c751e8b465ee728b)
Start importing Assets/Models/CuttoutsOutline/OutlineTpose.fbx using Guid(83878939ce42d6d43b1a1d2d6e0468f4) Importer(815301076,1909f56bfc062723c751e8b465ee728b)  -> (artifact id: 'ab04fce67269c509c5e2393b7fdb0b67') in 0.046875 seconds 
========================================================================
Received Import Request.
  Time since last request: 21.503991 seconds.
  path: Assets/CuttOuts/Outside/Cutout2.prefab
  artifactKey: Guid(952e63e6249f2694a8458c9b8eb765ef) Importer(815301076,1909f56bfc062723c751e8b465ee728b)
Start importing Assets/CuttOuts/Outside/Cutout2.prefab using Guid(952e63e6249f2694a8458c9b8eb765ef) Importer(815301076,1909f56bfc062723c751e8b465ee728b)  -> (artifact id: '6edf33ab023eb16f0c91bd7e8595a15c') in 0.031885 seconds 
Editor requested this worker to shutdown with reason: Scaling down because of idle timeout
AssetImportWorker is now disconnected from the server
Process exiting
Exiting without the bug reporter. Application will terminate with return code 0